[{"line":1,"elements":[{"start_timestamp":"2023-03-12T13:10:28.323Z","before":[{"result":{"duration":17846387000,"status":"passed"},"match":{"location":"com.example.Automation.steps.Hooks.before(io.cucumber.java.Scenario)"}}],"line":4,"name":"Login with correct username and password","description":"","id":"loginfeature;login-with-correct-username-and-password","after":[{"result":{"duration":169988000,"status":"passed"},"match":{"location":"com.example.Automation.steps.Hooks.after(io.cucumber.java.Scenario)"}}],"type":"scenario","keyword":"Scenario","steps":[{"result":{"error_message":"org.openqa.selenium.NoSuchElementException: no such element: Unable to locate element: {\"method\":\"link text\",\"selector\":\"Login\"}\n  (Session info: chrome=110.0.5481.177)\nFor documentation on this error, please visit: https://selenium.dev/exceptions/#no_such_element\nBuild info: version: '4.8.0', revision: '267030adea'\nSystem info: os.name: 'Linux', os.arch: 'amd64', os.version: '5.15.0-1034-azure', java.version: '11.0.18'\nDriver info: org.openqa.selenium.chrome.ChromeDriver\nCommand: [eddd1fbc183b43258e9a9c960820cd4d, findElement {using=link text, value=Login}]\nCapabilities {acceptInsecureCerts: false, browserName: chrome, browserVersion: 110.0.5481.177, chrome: {chromedriverVersion: 110.0.5481.77 (65ed616c6e8e..., userDataDir: /tmp/.com.google.Chrome.0I7zpV}, goog:chromeOptions: {debuggerAddress: localhost:35059}, networkConnectionEnabled: false, pageLoadStrategy: normal, platformName: LINUX, proxy: Proxy(), se:cdp: ws://localhost:35059/devtoo..., se:cdpVersion: 110.0.5481.177, setWindowRect: true, strictFileInteractability: false, timeouts: {implicit: 0, pageLoad: 300000, script: 30000}, unhandledPromptBehavior: dismiss and notify, webauthn:extension:credBlob: true, webauthn:extension:largeBlob: true, webauthn:virtualAuthenticators: true}\nSession ID: eddd1fbc183b43258e9a9c960820cd4d\n\tat java.base/jdk.internal.reflect.NativeConstructorAccessorImpl.newInstance0(Native Method)\n\tat java.base/jdk.internal.reflect.NativeConstructorAccessorImpl.newInstance(NativeConstructorAccessorImpl.java:62)\n\tat java.base/jdk.internal.reflect.DelegatingConstructorAccessorImpl.newInstance(DelegatingConstructorAccessorImpl.java:45)\n\tat java.base/java.lang.reflect.Constructor.newInstance(Constructor.java:490)\n\tat org.openqa.selenium.remote.codec.w3c.W3CHttpResponseCodec.createException(W3CHttpResponseCodec.java:200)\n\tat org.openqa.selenium.remote.codec.w3c.W3CHttpResponseCodec.decode(W3CHttpResponseCodec.java:133)\n\tat org.openqa.selenium.remote.codec.w3c.W3CHttpResponseCodec.decode(W3CHttpResponseCodec.java:53)\n\tat org.openqa.selenium.remote.HttpCommandExecutor.execute(HttpCommandExecutor.java:184)\n\tat org.openqa.selenium.remote.service.DriverCommandExecutor.invokeExecute(DriverCommandExecutor.java:167)\n\tat org.openqa.selenium.remote.service.DriverCommandExecutor.execute(DriverCommandExecutor.java:142)\n\tat org.openqa.selenium.remote.RemoteWebDriver.execute(RemoteWebDriver.java:543)\n\tat org.openqa.selenium.remote.ElementLocation$ElementFinder$2.findElement(ElementLocation.java:162)\n\tat org.openqa.selenium.remote.ElementLocation.findElement(ElementLocation.java:60)\n\tat org.openqa.selenium.remote.RemoteWebDriver.findElement(RemoteWebDriver.java:352)\n\tat org.openqa.selenium.remote.RemoteWebDriver.findElement(RemoteWebDriver.java:344)\n\tat java.base/jdk.internal.reflect.NativeMethodAccessorImpl.invoke0(Native Method)\n\tat java.base/jdk.internal.reflect.NativeMethodAccessorImpl.invoke(NativeMethodAccessorImpl.java:62)\n\tat java.base/jdk.internal.reflect.DelegatingMethodAccessorImpl.invoke(DelegatingMethodAccessorImpl.java:43)\n\tat java.base/java.lang.reflect.Method.invoke(Method.java:566)\n\tat org.springframework.aop.support.AopUtils.invokeJoinpointUsingReflection(AopUtils.java:344)\n\tat org.springframework.aop.framework.JdkDynamicAopProxy.invoke(JdkDynamicAopProxy.java:208)\n\tat com.sun.proxy.$Proxy109.findElement(Unknown Source)\n\tat org.openqa.selenium.support.pagefactory.DefaultElementLocator.findElement(DefaultElementLocator.java:70)\n\tat org.openqa.selenium.support.pagefactory.internal.LocatingElementHandler.invoke(LocatingElementHandler.java:39)\n\tat com.sun.proxy.$Proxy113.click(Unknown Source)\n\tat com.example.Automation.pages.HomePage.ClickLogin(HomePage.java:30)\n\tat com.example.Automation.pages.HomePage$$FastClassBySpringCGLIB$$1425a7fe.invoke(<generated>)\n\tat org.springframework.cglib.proxy.MethodProxy.invoke(MethodProxy.java:218)\n\tat org.springframework.aop.framework.CglibAopProxy.invokeMethod(CglibAopProxy.java:386)\n\tat org.springframework.aop.framework.CglibAopProxy.access$000(CglibAopProxy.java:85)\n\tat org.springframework.aop.framework.CglibAopProxy$DynamicAdvisedInterceptor.intercept(CglibAopProxy.java:704)\n\tat com.example.Automation.pages.HomePage$$EnhancerBySpringCGLIB$$6a729c6b.ClickLogin(<generated>)\n\tat com.example.Automation.steps.LoginSteps.iClickLoginInHomePage(LoginSteps.java:21)\n\tat ✽.I click login in Home Page(file:///home/runner/work/cucumber-springboot/cucumber-springboot/src/test/java/com/example/Automation/features/Login.feature:5)\n","duration":244142000,"status":"failed"},"line":5,"name":"I click login in Home Page","match":{"location":"com.example.Automation.steps.LoginSteps.iClickLoginInHomePage()"},"keyword":"Given "},{"result":{"duration":17000,"status":"skipped"},"line":6,"name":"I enter the following for Login","match":{"location":"com.example.Automation.steps.LoginSteps.iEnterTheFollowingForLogin(io.cucumber.datatable.DataTable)"},"rows":[{"cells":["username","password"]},{"cells":["admin","password"]}],"keyword":"And "},{"result":{"duration":10000,"status":"skipped"},"line":9,"name":"I click login button","match":{"location":"com.example.Automation.steps.LoginSteps.iClickLoginButton()"},"keyword":"And "},{"result":{"duration":9000,"status":"skipped"},"line":10,"name":"I should see the userform page","match":{"location":"com.example.Automation.steps.LoginSteps.iShouldSeeTheUserformPage()"},"keyword":"Then "}]},{"start_timestamp":"2023-03-12T13:10:28.321Z","before":[{"result":{"duration":17843291000,"status":"passed"},"match":{"location":"com.example.Automation.steps.Hooks.before(io.cucumber.java.Scenario)"}}],"line":13,"name":"Login with correct username and password 2","description":"","id":"loginfeature;login-with-correct-username-and-password-2","after":[{"result":{"duration":157716000,"status":"passed"},"match":{"location":"com.example.Automation.steps.Hooks.after(io.cucumber.java.Scenario)"}}],"type":"scenario","keyword":"Scenario","steps":[{"result":{"error_message":"org.openqa.selenium.NoSuchElementException: no such element: Unable to locate element: {\"method\":\"link text\",\"selector\":\"Login\"}\n  (Session info: chrome=110.0.5481.177)\nFor documentation on this error, please visit: https://selenium.dev/exceptions/#no_such_element\nBuild info: version: '4.8.0', revision: '267030adea'\nSystem info: os.name: 'Linux', os.arch: 'amd64', os.version: '5.15.0-1034-azure', java.version: '11.0.18'\nDriver info: org.openqa.selenium.chrome.ChromeDriver\nCommand: [798f05a5a223019d343d0c0f09c8367d, findElement {using=link text, value=Login}]\nCapabilities {acceptInsecureCerts: false, browserName: chrome, browserVersion: 110.0.5481.177, chrome: {chromedriverVersion: 110.0.5481.77 (65ed616c6e8e..., userDataDir: /tmp/.com.google.Chrome.1SLyRi}, goog:chromeOptions: {debuggerAddress: localhost:46303}, networkConnectionEnabled: false, pageLoadStrategy: normal, platformName: LINUX, proxy: Proxy(), se:cdp: ws://localhost:46303/devtoo..., se:cdpVersion: 110.0.5481.177, setWindowRect: true, strictFileInteractability: false, timeouts: {implicit: 0, pageLoad: 300000, script: 30000}, unhandledPromptBehavior: dismiss and notify, webauthn:extension:credBlob: true, webauthn:extension:largeBlob: true, webauthn:virtualAuthenticators: true}\nSession ID: 798f05a5a223019d343d0c0f09c8367d\n\tat java.base/jdk.internal.reflect.NativeConstructorAccessorImpl.newInstance0(Native Method)\n\tat java.base/jdk.internal.reflect.NativeConstructorAccessorImpl.newInstance(NativeConstructorAccessorImpl.java:62)\n\tat java.base/jdk.internal.reflect.DelegatingConstructorAccessorImpl.newInstance(DelegatingConstructorAccessorImpl.java:45)\n\tat java.base/java.lang.reflect.Constructor.newInstance(Constructor.java:490)\n\tat org.openqa.selenium.remote.codec.w3c.W3CHttpResponseCodec.createException(W3CHttpResponseCodec.java:200)\n\tat org.openqa.selenium.remote.codec.w3c.W3CHttpResponseCodec.decode(W3CHttpResponseCodec.java:133)\n\tat org.openqa.selenium.remote.codec.w3c.W3CHttpResponseCodec.decode(W3CHttpResponseCodec.java:53)\n\tat org.openqa.selenium.remote.HttpCommandExecutor.execute(HttpCommandExecutor.java:184)\n\tat org.openqa.selenium.remote.service.DriverCommandExecutor.invokeExecute(DriverCommandExecutor.java:167)\n\tat org.openqa.selenium.remote.service.DriverCommandExecutor.execute(DriverCommandExecutor.java:142)\n\tat org.openqa.selenium.remote.RemoteWebDriver.execute(RemoteWebDriver.java:543)\n\tat org.openqa.selenium.remote.ElementLocation$ElementFinder$2.findElement(ElementLocation.java:162)\n\tat org.openqa.selenium.remote.ElementLocation.findElement(ElementLocation.java:60)\n\tat org.openqa.selenium.remote.RemoteWebDriver.findElement(RemoteWebDriver.java:352)\n\tat org.openqa.selenium.remote.RemoteWebDriver.findElement(RemoteWebDriver.java:344)\n\tat java.base/jdk.internal.reflect.NativeMethodAccessorImpl.invoke0(Native Method)\n\tat java.base/jdk.internal.reflect.NativeMethodAccessorImpl.invoke(NativeMethodAccessorImpl.java:62)\n\tat java.base/jdk.internal.reflect.DelegatingMethodAccessorImpl.invoke(DelegatingMethodAccessorImpl.java:43)\n\tat java.base/java.lang.reflect.Method.invoke(Method.java:566)\n\tat org.springframework.aop.support.AopUtils.invokeJoinpointUsingReflection(AopUtils.java:344)\n\tat org.springframework.aop.framework.JdkDynamicAopProxy.invoke(JdkDynamicAopProxy.java:208)\n\tat com.sun.proxy.$Proxy109.findElement(Unknown Source)\n\tat org.openqa.selenium.support.pagefactory.DefaultElementLocator.findElement(DefaultElementLocator.java:70)\n\tat org.openqa.selenium.support.pagefactory.internal.LocatingElementHandler.invoke(LocatingElementHandler.java:39)\n\tat com.sun.proxy.$Proxy113.click(Unknown Source)\n\tat com.example.Automation.pages.HomePage.ClickLogin(HomePage.java:30)\n\tat com.example.Automation.pages.HomePage$$FastClassBySpringCGLIB$$1425a7fe.invoke(<generated>)\n\tat org.springframework.cglib.proxy.MethodProxy.invoke(MethodProxy.java:218)\n\tat org.springframework.aop.framework.CglibAopProxy.invokeMethod(CglibAopProxy.java:386)\n\tat org.springframework.aop.framework.CglibAopProxy.access$000(CglibAopProxy.java:85)\n\tat org.springframework.aop.framework.CglibAopProxy$DynamicAdvisedInterceptor.intercept(CglibAopProxy.java:704)\n\tat com.example.Automation.pages.HomePage$$EnhancerBySpringCGLIB$$6a729c6b.ClickLogin(<generated>)\n\tat com.example.Automation.steps.LoginSteps.iClickLoginInHomePage(LoginSteps.java:21)\n\tat ✽.I click login in Home Page(file:///home/runner/work/cucumber-springboot/cucumber-springboot/src/test/java/com/example/Automation/features/Login.feature:14)\n","duration":250857000,"status":"failed"},"line":14,"name":"I click login in Home Page","match":{"location":"com.example.Automation.steps.LoginSteps.iClickLoginInHomePage()"},"keyword":"Given "},{"result":{"duration":12000,"status":"skipped"},"line":15,"name":"I enter the following for Login","match":{"location":"com.example.Automation.steps.LoginSteps.iEnterTheFollowingForLogin(io.cucumber.datatable.DataTable)"},"rows":[{"cells":["username","password"]},{"cells":["admin","password2"]}],"keyword":"And "},{"result":{"duration":12000,"status":"skipped"},"line":18,"name":"I click login button","match":{"location":"com.example.Automation.steps.LoginSteps.iClickLoginButton()"},"keyword":"And "},{"result":{"duration":8000,"status":"skipped"},"line":19,"name":"I should see the userform page","match":{"location":"com.example.Automation.steps.LoginSteps.iShouldSeeTheUserformPage()"},"keyword":"Then "}]}],"name":"LoginFeature","description":"  This feature deals with the login functionality of the application","id":"loginfeature","keyword":"Feature","uri":"file:src/test/java/com/example/Automation/features/Login.feature","tags":[]},{"line":1,"elements":[{"start_timestamp":"2023-03-12T13:10:28.334Z","before":[{"result":{"duration":17839671000,"status":"passed"},"match":{"location":"com.example.Automation.steps.Hooks.before(io.cucumber.java.Scenario)"}}],"line":4,"name":"Login with correct username and password","description":"","id":"loginfeature;login-with-correct-username-and-password","after":[{"result":{"duration":167777000,"status":"passed"},"match":{"location":"com.example.Automation.steps.Hooks.after(io.cucumber.java.Scenario)"}}],"type":"scenario","keyword":"Scenario","steps":[{"result":{"error_message":"org.openqa.selenium.NoSuchElementException: no such element: Unable to locate element: {\"method\":\"link text\",\"selector\":\"Login\"}\n  (Session info: chrome=110.0.5481.177)\nFor documentation on this error, please visit: https://selenium.dev/exceptions/#no_such_element\nBuild info: version: '4.8.0', revision: '267030adea'\nSystem info: os.name: 'Linux', os.arch: 'amd64', os.version: '5.15.0-1034-azure', java.version: '11.0.18'\nDriver info: org.openqa.selenium.chrome.ChromeDriver\nCommand: [eb1f8889b133ea6fcf23be7c2f535b37, findElement {using=link text, value=Login}]\nCapabilities {acceptInsecureCerts: false, browserName: chrome, browserVersion: 110.0.5481.177, chrome: {chromedriverVersion: 110.0.5481.77 (65ed616c6e8e..., userDataDir: /tmp/.com.google.Chrome.cPKjO7}, goog:chromeOptions: {debuggerAddress: localhost:35547}, networkConnectionEnabled: false, pageLoadStrategy: normal, platformName: LINUX, proxy: Proxy(), se:cdp: ws://localhost:35547/devtoo..., se:cdpVersion: 110.0.5481.177, setWindowRect: true, strictFileInteractability: false, timeouts: {implicit: 0, pageLoad: 300000, script: 30000}, unhandledPromptBehavior: dismiss and notify, webauthn:extension:credBlob: true, webauthn:extension:largeBlob: true, webauthn:virtualAuthenticators: true}\nSession ID: eb1f8889b133ea6fcf23be7c2f535b37\n\tat java.base/jdk.internal.reflect.NativeConstructorAccessorImpl.newInstance0(Native Method)\n\tat java.base/jdk.internal.reflect.NativeConstructorAccessorImpl.newInstance(NativeConstructorAccessorImpl.java:62)\n\tat java.base/jdk.internal.reflect.DelegatingConstructorAccessorImpl.newInstance(DelegatingConstructorAccessorImpl.java:45)\n\tat java.base/java.lang.reflect.Constructor.newInstance(Constructor.java:490)\n\tat org.openqa.selenium.remote.codec.w3c.W3CHttpResponseCodec.createException(W3CHttpResponseCodec.java:200)\n\tat org.openqa.selenium.remote.codec.w3c.W3CHttpResponseCodec.decode(W3CHttpResponseCodec.java:133)\n\tat org.openqa.selenium.remote.codec.w3c.W3CHttpResponseCodec.decode(W3CHttpResponseCodec.java:53)\n\tat org.openqa.selenium.remote.HttpCommandExecutor.execute(HttpCommandExecutor.java:184)\n\tat org.openqa.selenium.remote.service.DriverCommandExecutor.invokeExecute(DriverCommandExecutor.java:167)\n\tat org.openqa.selenium.remote.service.DriverCommandExecutor.execute(DriverCommandExecutor.java:142)\n\tat org.openqa.selenium.remote.RemoteWebDriver.execute(RemoteWebDriver.java:543)\n\tat org.openqa.selenium.remote.ElementLocation$ElementFinder$2.findElement(ElementLocation.java:162)\n\tat org.openqa.selenium.remote.ElementLocation.findElement(ElementLocation.java:60)\n\tat org.openqa.selenium.remote.RemoteWebDriver.findElement(RemoteWebDriver.java:352)\n\tat org.openqa.selenium.remote.RemoteWebDriver.findElement(RemoteWebDriver.java:344)\n\tat java.base/jdk.internal.reflect.NativeMethodAccessorImpl.invoke0(Native Method)\n\tat java.base/jdk.internal.reflect.NativeMethodAccessorImpl.invoke(NativeMethodAccessorImpl.java:62)\n\tat java.base/jdk.internal.reflect.DelegatingMethodAccessorImpl.invoke(DelegatingMethodAccessorImpl.java:43)\n\tat java.base/java.lang.reflect.Method.invoke(Method.java:566)\n\tat org.springframework.aop.support.AopUtils.invokeJoinpointUsingReflection(AopUtils.java:344)\n\tat org.springframework.aop.framework.JdkDynamicAopProxy.invoke(JdkDynamicAopProxy.java:208)\n\tat com.sun.proxy.$Proxy109.findElement(Unknown Source)\n\tat org.openqa.selenium.support.pagefactory.DefaultElementLocator.findElement(DefaultElementLocator.java:70)\n\tat org.openqa.selenium.support.pagefactory.internal.LocatingElementHandler.invoke(LocatingElementHandler.java:39)\n\tat com.sun.proxy.$Proxy113.click(Unknown Source)\n\tat com.example.Automation.pages.HomePage.ClickLogin(HomePage.java:30)\n\tat com.example.Automation.pages.HomePage$$FastClassBySpringCGLIB$$1425a7fe.invoke(<generated>)\n\tat org.springframework.cglib.proxy.MethodProxy.invoke(MethodProxy.java:218)\n\tat org.springframework.aop.framework.CglibAopProxy.invokeMethod(CglibAopProxy.java:386)\n\tat org.springframework.aop.framework.CglibAopProxy.access$000(CglibAopProxy.java:85)\n\tat org.springframework.aop.framework.CglibAopProxy$DynamicAdvisedInterceptor.intercept(CglibAopProxy.java:704)\n\tat com.example.Automation.pages.HomePage$$EnhancerBySpringCGLIB$$6a729c6b.ClickLogin(<generated>)\n\tat com.example.Automation.steps.LoginSteps.iClickLoginInHomePage(LoginSteps.java:21)\n\tat ✽.I click login in Home Page(file:///home/runner/work/cucumber-springboot/cucumber-springboot/src/test/java/com/example/Automation/features/Login2.feature:5)\n","duration":249129000,"status":"failed"},"line":5,"name":"I click login in Home Page","match":{"location":"com.example.Automation.steps.LoginSteps.iClickLoginInHomePage()"},"keyword":"Given "},{"result":{"duration":19000,"status":"skipped"},"line":6,"name":"I enter the following for Login","match":{"location":"com.example.Automation.steps.LoginSteps.iEnterTheFollowingForLogin(io.cucumber.datatable.DataTable)"},"rows":[{"cells":["username","password"]},{"cells":["admin","password"]}],"keyword":"And "},{"result":{"duration":9000,"status":"skipped"},"line":9,"name":"I click login button","match":{"location":"com.example.Automation.steps.LoginSteps.iClickLoginButton()"},"keyword":"And "},{"result":{"duration":8000,"status":"skipped"},"line":10,"name":"I should see the userform page","match":{"location":"com.example.Automation.steps.LoginSteps.iShouldSeeTheUserformPage()"},"keyword":"Then "}]},{"start_timestamp":"2023-03-12T13:10:28.341Z","before":[{"result":{"duration":17835785000,"status":"passed"},"match":{"location":"com.example.Automation.steps.Hooks.before(io.cucumber.java.Scenario)"}}],"line":13,"name":"Login with correct username and password 2","description":"","id":"loginfeature;login-with-correct-username-and-password-2","after":[{"result":{"duration":158035000,"status":"passed"},"match":{"location":"com.example.Automation.steps.Hooks.after(io.cucumber.java.Scenario)"}}],"type":"scenario","keyword":"Scenario","steps":[{"result":{"error_message":"org.openqa.selenium.NoSuchElementException: no such element: Unable to locate element: {\"method\":\"link text\",\"selector\":\"Login\"}\n  (Session info: chrome=110.0.5481.177)\nFor documentation on this error, please visit: https://selenium.dev/exceptions/#no_such_element\nBuild info: version: '4.8.0', revision: '267030adea'\nSystem info: os.name: 'Linux', os.arch: 'amd64', os.version: '5.15.0-1034-azure', java.version: '11.0.18'\nDriver info: org.openqa.selenium.chrome.ChromeDriver\nCommand: [549b1f3be13411463244656006ec5f36, findElement {using=link text, value=Login}]\nCapabilities {acceptInsecureCerts: false, browserName: chrome, browserVersion: 110.0.5481.177, chrome: {chromedriverVersion: 110.0.5481.77 (65ed616c6e8e..., userDataDir: /tmp/.com.google.Chrome.6ttmen}, goog:chromeOptions: {debuggerAddress: localhost:46663}, networkConnectionEnabled: false, pageLoadStrategy: normal, platformName: LINUX, proxy: Proxy(), se:cdp: ws://localhost:46663/devtoo..., se:cdpVersion: 110.0.5481.177, setWindowRect: true, strictFileInteractability: false, timeouts: {implicit: 0, pageLoad: 300000, script: 30000}, unhandledPromptBehavior: dismiss and notify, webauthn:extension:credBlob: true, webauthn:extension:largeBlob: true, webauthn:virtualAuthenticators: true}\nSession ID: 549b1f3be13411463244656006ec5f36\n\tat java.base/jdk.internal.reflect.NativeConstructorAccessorImpl.newInstance0(Native Method)\n\tat java.base/jdk.internal.reflect.NativeConstructorAccessorImpl.newInstance(NativeConstructorAccessorImpl.java:62)\n\tat java.base/jdk.internal.reflect.DelegatingConstructorAccessorImpl.newInstance(DelegatingConstructorAccessorImpl.java:45)\n\tat java.base/java.lang.reflect.Constructor.newInstance(Constructor.java:490)\n\tat org.openqa.selenium.remote.codec.w3c.W3CHttpResponseCodec.createException(W3CHttpResponseCodec.java:200)\n\tat org.openqa.selenium.remote.codec.w3c.W3CHttpResponseCodec.decode(W3CHttpResponseCodec.java:133)\n\tat org.openqa.selenium.remote.codec.w3c.W3CHttpResponseCodec.decode(W3CHttpResponseCodec.java:53)\n\tat org.openqa.selenium.remote.HttpCommandExecutor.execute(HttpCommandExecutor.java:184)\n\tat org.openqa.selenium.remote.service.DriverCommandExecutor.invokeExecute(DriverCommandExecutor.java:167)\n\tat org.openqa.selenium.remote.service.DriverCommandExecutor.execute(DriverCommandExecutor.java:142)\n\tat org.openqa.selenium.remote.RemoteWebDriver.execute(RemoteWebDriver.java:543)\n\tat org.openqa.selenium.remote.ElementLocation$ElementFinder$2.findElement(ElementLocation.java:162)\n\tat org.openqa.selenium.remote.ElementLocation.findElement(ElementLocation.java:60)\n\tat org.openqa.selenium.remote.RemoteWebDriver.findElement(RemoteWebDriver.java:352)\n\tat org.openqa.selenium.remote.RemoteWebDriver.findElement(RemoteWebDriver.java:344)\n\tat java.base/jdk.internal.reflect.NativeMethodAccessorImpl.invoke0(Native Method)\n\tat java.base/jdk.internal.reflect.NativeMethodAccessorImpl.invoke(NativeMethodAccessorImpl.java:62)\n\tat java.base/jdk.internal.reflect.DelegatingMethodAccessorImpl.invoke(DelegatingMethodAccessorImpl.java:43)\n\tat java.base/java.lang.reflect.Method.invoke(Method.java:566)\n\tat org.springframework.aop.support.AopUtils.invokeJoinpointUsingReflection(AopUtils.java:344)\n\tat org.springframework.aop.framework.JdkDynamicAopProxy.invoke(JdkDynamicAopProxy.java:208)\n\tat com.sun.proxy.$Proxy109.findElement(Unknown Source)\n\tat org.openqa.selenium.support.pagefactory.DefaultElementLocator.findElement(DefaultElementLocator.java:70)\n\tat org.openqa.selenium.support.pagefactory.internal.LocatingElementHandler.invoke(LocatingElementHandler.java:39)\n\tat com.sun.proxy.$Proxy113.click(Unknown Source)\n\tat com.example.Automation.pages.HomePage.ClickLogin(HomePage.java:30)\n\tat com.example.Automation.pages.HomePage$$FastClassBySpringCGLIB$$1425a7fe.invoke(<generated>)\n\tat org.springframework.cglib.proxy.MethodProxy.invoke(MethodProxy.java:218)\n\tat org.springframework.aop.framework.CglibAopProxy.invokeMethod(CglibAopProxy.java:386)\n\tat org.springframework.aop.framework.CglibAopProxy.access$000(CglibAopProxy.java:85)\n\tat org.springframework.aop.framework.CglibAopProxy$DynamicAdvisedInterceptor.intercept(CglibAopProxy.java:704)\n\tat com.example.Automation.pages.HomePage$$EnhancerBySpringCGLIB$$6a729c6b.ClickLogin(<generated>)\n\tat com.example.Automation.steps.LoginSteps.iClickLoginInHomePage(LoginSteps.java:21)\n\tat ✽.I click login in Home Page(file:///home/runner/work/cucumber-springboot/cucumber-springboot/src/test/java/com/example/Automation/features/Login2.feature:14)\n","duration":245319000,"status":"failed"},"line":14,"name":"I click login in Home Page","match":{"location":"com.example.Automation.steps.LoginSteps.iClickLoginInHomePage()"},"keyword":"Given "},{"result":{"duration":17000,"status":"skipped"},"line":15,"name":"I enter the following for Login","match":{"location":"com.example.Automation.steps.LoginSteps.iEnterTheFollowingForLogin(io.cucumber.datatable.DataTable)"},"rows":[{"cells":["username","password"]},{"cells":["admin","password2"]}],"keyword":"And "},{"result":{"duration":34000,"status":"skipped"},"line":18,"name":"I click login button","match":{"location":"com.example.Automation.steps.LoginSteps.iClickLoginButton()"},"keyword":"And "},{"result":{"duration":9000,"status":"skipped"},"line":19,"name":"I should see the userform page","match":{"location":"com.example.Automation.steps.LoginSteps.iShouldSeeTheUserformPage()"},"keyword":"Then "}]}],"name":"LoginFeature","description":"  This feature deals with the login functionality of the application","id":"loginfeature","keyword":"Feature","uri":"file:src/test/java/com/example/Automation/features/Login2.feature","tags":[]}]