<?xml version="1.0" encoding="UTF-8"?>
<testsuite xmlns:xsi="http://www.w3.org/2001/XMLSchema-instance" xsi:noNamespaceSchemaLocation="https://maven.apache.org/surefire/maven-surefire-plugin/xsd/surefire-test-report-3.0.xsd" version="3.0" name="com.example.Automation.runner.TestRunner" time="23.085" tests="4" errors="0" skipped="0" failures="4">
  <properties>
[...]
</properties>
  <testcase name="runScenario" classname="com.example.Automation.runner.TestRunner" time="21.644">
    <failure message="no such element: Unable to locate element: {&quot;method&quot;:&quot;link text&quot;,&quot;selector&quot;:&quot;Login&quot;}&#10;  (Session info: chrome=110.0.5481.177)&#10;For documentation on this error, please visit: https://selenium.dev/exceptions/#no_such_element&#10;Build info: version: &apos;4.8.0&apos;, revision: &apos;267030adea&apos;&#10;System info: os.name: &apos;Linux&apos;, os.arch: &apos;amd64&apos;, os.version: &apos;5.15.0-1034-azure&apos;, java.version: &apos;11.0.18&apos;&#10;Driver info: org.openqa.selenium.chrome.ChromeDriver&#10;Command: [549b1f3be13411463244656006ec5f36, findElement {using=link text, value=Login}]&#10;Capabilities {acceptInsecureCerts: false, browserName: chrome, browserVersion: 110.0.5481.177, chrome: {chromedriverVersion: 110.0.5481.77 (65ed616c6e8e..., userDataDir: /tmp/.com.google.Chrome.6ttmen}, goog:chromeOptions: {debuggerAddress: localhost:46663}, networkConnectionEnabled: false, pageLoadStrategy: normal, platformName: LINUX, proxy: Proxy(), se:cdp: ws://localhost:46663/devtoo..., se:cdpVersion: 110.0.5481.177, setWindowRect: true, strictFileInteractability: false, timeouts: {implicit: 0, pageLoad: 300000, script: 30000}, unhandledPromptBehavior: dismiss and notify, webauthn:extension:credBlob: true, webauthn:extension:largeBlob: true, webauthn:virtualAuthenticators: true}&#10;Session ID: 549b1f3be13411463244656006ec5f36" type="org.openqa.selenium.NoSuchElementException"><![CDATA[org.openqa.selenium.NoSuchElementException: 
no such element: Unable to locate element: {"method":"link text","selector":"Login"}
  (Session info: chrome=110.0.5481.177)
For documentation on this error, please visit: https://selenium.dev/exceptions/#no_such_element
Build info: version: '4.8.0', revision: '267030adea'
System info: os.name: 'Linux', os.arch: 'amd64', os.version: '5.15.0-1034-azure', java.version: '11.0.18'
Driver info: org.openqa.selenium.chrome.ChromeDriver
Command: [549b1f3be13411463244656006ec5f36, findElement {using=link text, value=Login}]
Capabilities {acceptInsecureCerts: false, browserName: chrome, browserVersion: 110.0.5481.177, chrome: {chromedriverVersion: 110.0.5481.77 (65ed616c6e8e..., userDataDir: /tmp/.com.google.Chrome.6ttmen}, goog:chromeOptions: {debuggerAddress: localhost:46663}, networkConnectionEnabled: false, pageLoadStrategy: normal, platformName: LINUX, proxy: Proxy(), se:cdp: ws://localhost:46663/devtoo..., se:cdpVersion: 110.0.5481.177, setWindowRect: true, strictFileInteractability: false, timeouts: {implicit: 0, pageLoad: 300000, script: 30000}, unhandledPromptBehavior: dismiss and notify, webauthn:extension:credBlob: true, webauthn:extension:largeBlob: true, webauthn:virtualAuthenticators: true}
Session ID: 549b1f3be13411463244656006ec5f36
]]></failure>
    <system-out><![CDATA[13:10:25.098 [TestNG-PoolService-3] DEBUG org.springframework.test.context.BootstrapUtils - Instantiating CacheAwareContextLoaderDelegate from class [org.springframework.test.context.cache.DefaultCacheAwareContextLoaderDelegate]
13:10:25.120 [TestNG-PoolService-3] DEBUG org.springframework.test.context.BootstrapUtils - Instantiating BootstrapContext using constructor [public org.springframework.test.context.support.DefaultBootstrapContext(java.lang.Class,org.springframework.test.context.CacheAwareContextLoaderDelegate)]
13:10:25.138 [TestNG-PoolService-3] DEBUG org.springframework.test.context.BootstrapUtils - Instantiating TestContextBootstrapper for test class [com.example.Automation.steps.CucumberTestConfigContext] from class [org.springframework.boot.test.context.SpringBootTestContextBootstrapper]
13:10:25.164 [TestNG-PoolService-3] INFO org.springframework.boot.test.context.SpringBootTestContextBootstrapper - Neither @ContextConfiguration nor @ContextHierarchy found for test class [com.example.Automation.steps.CucumberTestConfigContext], using SpringBootContextLoader
13:10:25.168 [TestNG-PoolService-3] DEBUG org.springframework.test.context.support.AbstractContextLoader - Did not detect default resource location for test class [com.example.Automation.steps.CucumberTestConfigContext]: class path resource [com/example/Automation/steps/CucumberTestConfigContext-context.xml] does not exist
13:10:25.169 [TestNG-PoolService-3] DEBUG org.springframework.test.context.support.AbstractContextLoader - Did not detect default resource location for test class [com.example.Automation.steps.CucumberTestConfigContext]: class path resource [com/example/Automation/steps/CucumberTestConfigContextContext.groovy] does not exist
13:10:25.170 [TestNG-PoolService-3] INFO org.springframework.test.context.support.AbstractContextLoader - Could not detect default resource locations for test class [com.example.Automation.steps.CucumberTestConfigContext]: no resource found for suffixes {-context.xml, Context.groovy}.
13:10:25.173 [TestNG-PoolService-3] INFO org.springframework.test.context.support.AnnotationConfigContextLoaderUtils - Could not detect default configuration classes for test class [com.example.Automation.steps.CucumberTestConfigContext]: CucumberTestConfigContext does not declare any static, non-private, non-final, nested classes annotated with @Configuration.
13:10:25.234 [TestNG-PoolService-3] DEBUG org.springframework.test.context.support.ActiveProfilesUtils - Could not find an 'annotation declaring class' for annotation type [org.springframework.test.context.ActiveProfiles] and class [com.example.Automation.steps.CucumberTestConfigContext]
13:10:25.306 [TestNG-PoolService-3] DEBUG org.springframework.context.annotation.ClassPathScanningCandidateComponentProvider - Identified candidate component class: file [/home/runner/work/cucumber-springboot/cucumber-springboot/target/classes/com/example/Automation/AutomationApplication.class]
13:10:25.308 [TestNG-PoolService-3] INFO org.springframework.boot.test.context.SpringBootTestContextBootstrapper - Found @SpringBootConfiguration com.example.Automation.AutomationApplication for test class com.example.Automation.steps.CucumberTestConfigContext
13:10:25.438 [TestNG-PoolService-3] DEBUG org.springframework.boot.test.context.SpringBootTestContextBootstrapper - @TestExecutionListeners is not present for class [com.example.Automation.steps.CucumberTestConfigContext]: using defaults.
13:10:25.439 [TestNG-PoolService-3] INFO org.springframework.boot.test.context.SpringBootTestContextBootstrapper - Loaded default TestExecutionListener class names from location [META-INF/spring.factories]: [org.springframework.boot.test.mock.mockito.MockitoTestExecutionListener, org.springframework.boot.test.mock.mockito.ResetMocksTestExecutionListener, org.springframework.boot.test.autoconfigure.restdocs.RestDocsTestExecutionListener, org.springframework.boot.test.autoconfigure.web.client.MockRestServiceServerResetTestExecutionListener, org.springframework.boot.test.autoconfigure.web.servlet.MockMvcPrintOnlyOnFailureTestExecutionListener, org.springframework.boot.test.autoconfigure.web.servlet.WebDriverTestExecutionListener, org.springframework.boot.test.autoconfigure.webservices.client.MockWebServiceServerTestExecutionListener, org.springframework.test.context.web.ServletTestExecutionListener, org.springframework.test.context.support.DirtiesContextBeforeModesTestExecutionListener, org.springframework.test.context.event.ApplicationEventsTestExecutionListener, org.springframework.test.context.support.DependencyInjectionTestExecutionListener, org.springframework.test.context.support.DirtiesContextTestExecutionListener, org.springframework.test.context.transaction.TransactionalTestExecutionListener, org.springframework.test.context.jdbc.SqlScriptsTestExecutionListener, org.springframework.test.context.event.EventPublishingTestExecutionListener]
13:10:25.449 [TestNG-PoolService-3] DEBUG org.springframework.boot.test.context.SpringBootTestContextBootstrapper - Skipping candidate TestExecutionListener [org.springframework.test.context.web.ServletTestExecutionListener] due to a missing dependency. Specify custom listener classes or make the default listener classes and their required dependencies available. Offending class: [javax/servlet/ServletContext]
13:10:25.464 [TestNG-PoolService-3] INFO org.springframework.boot.test.context.SpringBootTestContextBootstrapper - Using TestExecutionListeners: [org.springframework.test.context.support.DirtiesContextBeforeModesTestExecutionListener@3baebe29, org.springframework.test.context.event.ApplicationEventsTestExecutionListener@119f554b, org.springframework.boot.test.mock.mockito.MockitoTestExecutionListener@a1596cf, org.springframework.boot.test.autoconfigure.SpringBootDependencyInjectionTestExecutionListener@7e869941, org.springframework.test.context.support.DirtiesContextTestExecutionListener@30173f4e, org.springframework.test.context.transaction.TransactionalTestExecutionListener@5b49110a, org.springframework.test.context.jdbc.SqlScriptsTestExecutionListener@7d4c4742, org.springframework.test.context.event.EventPublishingTestExecutionListener@374a953b, org.springframework.boot.test.mock.mockito.ResetMocksTestExecutionListener@3eae31d3, org.springframework.boot.test.autoconfigure.restdocs.RestDocsTestExecutionListener@2dfcb64d, org.springframework.boot.test.autoconfigure.web.client.MockRestServiceServerResetTestExecutionListener@329582e7, org.springframework.boot.test.autoconfigure.web.servlet.MockMvcPrintOnlyOnFailureTestExecutionListener@51153ac3, org.springframework.boot.test.autoconfigure.web.servlet.WebDriverTestExecutionListener@1e7aa99b, org.springframework.boot.test.autoconfigure.webservices.client.MockWebServiceServerTestExecutionListener@567c2ac7]

  .   ____          _            __ _ _
 /\\ / ___'_ __ _ _(_)_ __  __ _ \ \ \ \
( ( )\___ | '_ | '_| | '_ \/ _` | \ \ \ \
 \\/  ___)| |_)| | | | | || (_| |  ) ) ) )
  '  |____| .__|_| |_|_| |_\__, | / / / /
 =========|_|==============|___/=/_/_/_/
 :: Spring Boot ::                (v2.7.5)

2023-03-12 13:10:25.718  INFO 1763 --- [G-PoolService-3] c.e.A.steps.CucumberTestConfigContext    : Starting CucumberTestConfigContext using Java 11.0.18 on fv-az455-678 with PID 1763 (/home/runner/work/cucumber-springboot/cucumber-springboot/target/test-classes started by runner in /home/runner/work/cucumber-springboot/cucumber-springboot)
2023-03-12 13:10:25.720  INFO 1763 --- [G-PoolService-3] c.e.A.steps.CucumberTestConfigContext    : The following 1 profile is active: "prod"
2023-03-12 13:10:26.380  INFO 1763 --- [G-PoolService-3] .s.d.r.c.RepositoryConfigurationDelegate : Bootstrapping Spring Data JPA repositories in DEFAULT mode.
2023-03-12 13:10:26.407  INFO 1763 --- [G-PoolService-3] .s.d.r.c.RepositoryConfigurationDelegate : Finished Spring Data repository scanning in 15 ms. Found 0 JPA repository interfaces.
2023-03-12 13:10:27.034  INFO 1763 --- [G-PoolService-3] com.zaxxer.hikari.HikariDataSource       : HikariPool-1 - Starting...
2023-03-12 13:10:27.280  INFO 1763 --- [G-PoolService-3] com.zaxxer.hikari.HikariDataSource       : HikariPool-1 - Start completed.
2023-03-12 13:10:27.363  INFO 1763 --- [G-PoolService-3] o.hibernate.jpa.internal.util.LogHelper  : HHH000204: Processing PersistenceUnitInfo [name: default]
2023-03-12 13:10:27.409  INFO 1763 --- [G-PoolService-3] org.hibernate.Version                    : HHH000412: Hibernate ORM core version 5.6.12.Final
2023-03-12 13:10:27.555  INFO 1763 --- [G-PoolService-3] o.hibernate.annotations.common.Version   : HCANN000001: Hibernate Commons Annotations {5.1.2.Final}
2023-03-12 13:10:27.691  INFO 1763 --- [G-PoolService-3] org.hibernate.dialect.Dialect            : HHH000400: Using dialect: org.hibernate.dialect.H2Dialect
2023-03-12 13:10:27.854  INFO 1763 --- [G-PoolService-3] o.h.e.t.j.p.i.JtaPlatformInitiator       : HHH000490: Using JtaPlatform implementation: [org.hibernate.engine.transaction.jta.platform.internal.NoJtaPlatform]
2023-03-12 13:10:27.861  INFO 1763 --- [G-PoolService-3] j.LocalContainerEntityManagerFactoryBean : Initialized JPA EntityManagerFactory for persistence unit 'default'
2023-03-12 13:10:28.008  INFO 1763 --- [G-PoolService-3] c.e.A.steps.CucumberTestConfigContext    : Started CucumberTestConfigContext in 2.522 seconds (JVM running for 4.469)
2023-03-12 13:10:28.013  INFO 1763 --- [G-PoolService-1] .b.t.c.SpringBootTestContextBootstrapper : Neither @ContextConfiguration nor @ContextHierarchy found for test class [com.example.Automation.steps.CucumberTestConfigContext], using SpringBootContextLoader
2023-03-12 13:10:28.016  INFO 1763 --- [G-PoolService-1] o.s.t.c.support.AbstractContextLoader    : Could not detect default resource locations for test class [com.example.Automation.steps.CucumberTestConfigContext]: no resource found for suffixes {-context.xml, Context.groovy}.
2023-03-12 13:10:28.016  INFO 1763 --- [G-PoolService-1] t.c.s.AnnotationConfigContextLoaderUtils : Could not detect default configuration classes for test class [com.example.Automation.steps.CucumberTestConfigContext]: CucumberTestConfigContext does not declare any static, non-private, non-final, nested classes annotated with @Configuration.
2023-03-12 13:10:28.019  INFO 1763 --- [G-PoolService-1] .b.t.c.SpringBootTestContextBootstrapper : Found @SpringBootConfiguration com.example.Automation.AutomationApplication for test class com.example.Automation.steps.CucumberTestConfigContext
2023-03-12 13:10:28.021  INFO 1763 --- [G-PoolService-1] .b.t.c.SpringBootTestContextBootstrapper : Loaded default TestExecutionListener class names from location [META-INF/spring.factories]: [org.springframework.boot.test.mock.mockito.MockitoTestExecutionListener, org.springframework.boot.test.mock.mockito.ResetMocksTestExecutionListener, org.springframework.boot.test.autoconfigure.restdocs.RestDocsTestExecutionListener, org.springframework.boot.test.autoconfigure.web.client.MockRestServiceServerResetTestExecutionListener, org.springframework.boot.test.autoconfigure.web.servlet.MockMvcPrintOnlyOnFailureTestExecutionListener, org.springframework.boot.test.autoconfigure.web.servlet.WebDriverTestExecutionListener, org.springframework.boot.test.autoconfigure.webservices.client.MockWebServiceServerTestExecutionListener, org.springframework.test.context.web.ServletTestExecutionListener, org.springframework.test.context.support.DirtiesContextBeforeModesTestExecutionListener, org.springframework.test.context.event.ApplicationEventsTestExecutionListener, org.springframework.test.context.support.DependencyInjectionTestExecutionListener, org.springframework.test.context.support.DirtiesContextTestExecutionListener, org.springframework.test.context.transaction.TransactionalTestExecutionListener, org.springframework.test.context.jdbc.SqlScriptsTestExecutionListener, org.springframework.test.context.event.EventPublishingTestExecutionListener]
2023-03-12 13:10:28.023  INFO 1763 --- [G-PoolService-1] .b.t.c.SpringBootTestContextBootstrapper : Using TestExecutionListeners: [org.springframework.test.context.support.DirtiesContextBeforeModesTestExecutionListener@64169e43, org.springframework.test.context.event.ApplicationEventsTestExecutionListener@635ebff2, org.springframework.boot.test.mock.mockito.MockitoTestExecutionListener@54962a18, org.springframework.boot.test.autoconfigure.SpringBootDependencyInjectionTestExecutionListener@78263743, org.springframework.test.context.support.DirtiesContextTestExecutionListener@28125a82, org.springframework.test.context.transaction.TransactionalTestExecutionListener@3e25c15d, org.springframework.test.context.jdbc.SqlScriptsTestExecutionListener@5b06ea6b, org.springframework.test.context.event.EventPublishingTestExecutionListener@12d34267, org.springframework.boot.test.mock.mockito.ResetMocksTestExecutionListener@282fdcf5, org.springframework.boot.test.autoconfigure.restdocs.RestDocsTestExecutionListener@3810cf84, org.springframework.boot.test.autoconfigure.web.client.MockRestServiceServerResetTestExecutionListener@54a93f5f, org.springframework.boot.test.autoconfigure.web.servlet.MockMvcPrintOnlyOnFailureTestExecutionListener@5c618fd7, org.springframework.boot.test.autoconfigure.web.servlet.WebDriverTestExecutionListener@a7f38da, org.springframework.boot.test.autoconfigure.webservices.client.MockWebServiceServerTestExecutionListener@342daafe]
2023-03-12 13:10:28.053  INFO 1763 --- [G-PoolService-2] .b.t.c.SpringBootTestContextBootstrapper : Neither @ContextConfiguration nor @ContextHierarchy found for test class [com.example.Automation.steps.CucumberTestConfigContext], using SpringBootContextLoader
2023-03-12 13:10:28.053  INFO 1763 --- [G-PoolService-2] o.s.t.c.support.AbstractContextLoader    : Could not detect default resource locations for test class [com.example.Automation.steps.CucumberTestConfigContext]: no resource found for suffixes {-context.xml, Context.groovy}.
2023-03-12 13:10:28.053  INFO 1763 --- [G-PoolService-2] t.c.s.AnnotationConfigContextLoaderUtils : Could not detect default configuration classes for test class [com.example.Automation.steps.CucumberTestConfigContext]: CucumberTestConfigContext does not declare any static, non-private, non-final, nested classes annotated with @Configuration.
2023-03-12 13:10:28.055  INFO 1763 --- [G-PoolService-2] .b.t.c.SpringBootTestContextBootstrapper : Found @SpringBootConfiguration com.example.Automation.AutomationApplication for test class com.example.Automation.steps.CucumberTestConfigContext
2023-03-12 13:10:28.056  INFO 1763 --- [G-PoolService-2] .b.t.c.SpringBootTestContextBootstrapper : Loaded default TestExecutionListener class names from location [META-INF/spring.factories]: [org.springframework.boot.test.mock.mockito.MockitoTestExecutionListener, org.springframework.boot.test.mock.mockito.ResetMocksTestExecutionListener, org.springframework.boot.test.autoconfigure.restdocs.RestDocsTestExecutionListener, org.springframework.boot.test.autoconfigure.web.client.MockRestServiceServerResetTestExecutionListener, org.springframework.boot.test.autoconfigure.web.servlet.MockMvcPrintOnlyOnFailureTestExecutionListener, org.springframework.boot.test.autoconfigure.web.servlet.WebDriverTestExecutionListener, org.springframework.boot.test.autoconfigure.webservices.client.MockWebServiceServerTestExecutionListener, org.springframework.test.context.web.ServletTestExecutionListener, org.springframework.test.context.support.DirtiesContextBeforeModesTestExecutionListener, org.springframework.test.context.event.ApplicationEventsTestExecutionListener, org.springframework.test.context.support.DependencyInjectionTestExecutionListener, org.springframework.test.context.support.DirtiesContextTestExecutionListener, org.springframework.test.context.transaction.TransactionalTestExecutionListener, org.springframework.test.context.jdbc.SqlScriptsTestExecutionListener, org.springframework.test.context.event.EventPublishingTestExecutionListener]
2023-03-12 13:10:28.057  INFO 1763 --- [G-PoolService-2] .b.t.c.SpringBootTestContextBootstrapper : Using TestExecutionListeners: [org.springframework.test.context.support.DirtiesContextBeforeModesTestExecutionListener@5ec7e3c4, org.springframework.test.context.event.ApplicationEventsTestExecutionListener@2f6d20e6, org.springframework.boot.test.mock.mockito.MockitoTestExecutionListener@6825c49, org.springframework.boot.test.autoconfigure.SpringBootDependencyInjectionTestExecutionListener@bd3746d, org.springframework.test.context.support.DirtiesContextTestExecutionListener@6aeb7f10, org.springframework.test.context.transaction.TransactionalTestExecutionListener@2c4708bb, org.springframework.test.context.jdbc.SqlScriptsTestExecutionListener@3833696e, org.springframework.test.context.event.EventPublishingTestExecutionListener@28531219, org.springframework.boot.test.mock.mockito.ResetMocksTestExecutionListener@1971ebfc, org.springframework.boot.test.autoconfigure.restdocs.RestDocsTestExecutionListener@de72ab9, org.springframework.boot.test.autoconfigure.web.client.MockRestServiceServerResetTestExecutionListener@2ebc4a72, org.springframework.boot.test.autoconfigure.web.servlet.MockMvcPrintOnlyOnFailureTestExecutionListener@1e4f5666, org.springframework.boot.test.autoconfigure.web.servlet.WebDriverTestExecutionListener@8777058, org.springframework.boot.test.autoconfigure.webservices.client.MockWebServiceServerTestExecutionListener@3cf1210d]
2023-03-12 13:10:28.061  INFO 1763 --- [G-PoolService-0] .b.t.c.SpringBootTestContextBootstrapper : Neither @ContextConfiguration nor @ContextHierarchy found for test class [com.example.Automation.steps.CucumberTestConfigContext], using SpringBootContextLoader
2023-03-12 13:10:28.061  INFO 1763 --- [G-PoolService-0] o.s.t.c.support.AbstractContextLoader    : Could not detect default resource locations for test class [com.example.Automation.steps.CucumberTestConfigContext]: no resource found for suffixes {-context.xml, Context.groovy}.
2023-03-12 13:10:28.061  INFO 1763 --- [G-PoolService-0] t.c.s.AnnotationConfigContextLoaderUtils : Could not detect default configuration classes for test class [com.example.Automation.steps.CucumberTestConfigContext]: CucumberTestConfigContext does not declare any static, non-private, non-final, nested classes annotated with @Configuration.
2023-03-12 13:10:28.062  INFO 1763 --- [G-PoolService-0] .b.t.c.SpringBootTestContextBootstrapper : Found @SpringBootConfiguration com.example.Automation.AutomationApplication for test class com.example.Automation.steps.CucumberTestConfigContext
2023-03-12 13:10:28.064  INFO 1763 --- [G-PoolService-0] .b.t.c.SpringBootTestContextBootstrapper : Loaded default TestExecutionListener class names from location [META-INF/spring.factories]: [org.springframework.boot.test.mock.mockito.MockitoTestExecutionListener, org.springframework.boot.test.mock.mockito.ResetMocksTestExecutionListener, org.springframework.boot.test.autoconfigure.restdocs.RestDocsTestExecutionListener, org.springframework.boot.test.autoconfigure.web.client.MockRestServiceServerResetTestExecutionListener, org.springframework.boot.test.autoconfigure.web.servlet.MockMvcPrintOnlyOnFailureTestExecutionListener, org.springframework.boot.test.autoconfigure.web.servlet.WebDriverTestExecutionListener, org.springframework.boot.test.autoconfigure.webservices.client.MockWebServiceServerTestExecutionListener, org.springframework.test.context.web.ServletTestExecutionListener, org.springframework.test.context.support.DirtiesContextBeforeModesTestExecutionListener, org.springframework.test.context.event.ApplicationEventsTestExecutionListener, org.springframework.test.context.support.DependencyInjectionTestExecutionListener, org.springframework.test.context.support.DirtiesContextTestExecutionListener, org.springframework.test.context.transaction.TransactionalTestExecutionListener, org.springframework.test.context.jdbc.SqlScriptsTestExecutionListener, org.springframework.test.context.event.EventPublishingTestExecutionListener]
2023-03-12 13:10:28.064  INFO 1763 --- [G-PoolService-0] .b.t.c.SpringBootTestContextBootstrapper : Using TestExecutionListeners: [org.springframework.test.context.support.DirtiesContextBeforeModesTestExecutionListener@197f68bb, org.springframework.test.context.event.ApplicationEventsTestExecutionListener@60c7062e, org.springframework.boot.test.mock.mockito.MockitoTestExecutionListener@45fe31e4, org.springframework.boot.test.autoconfigure.SpringBootDependencyInjectionTestExecutionListener@25156aeb, org.springframework.test.context.support.DirtiesContextTestExecutionListener@47cde442, org.springframework.test.context.transaction.TransactionalTestExecutionListener@1f637ce3, org.springframework.test.context.jdbc.SqlScriptsTestExecutionListener@2b260ffa, org.springframework.test.context.event.EventPublishingTestExecutionListener@25ea6a47, org.springframework.boot.test.mock.mockito.ResetMocksTestExecutionListener@dad754c, org.springframework.boot.test.autoconfigure.restdocs.RestDocsTestExecutionListener@9ad847e, org.springframework.boot.test.autoconfigure.web.client.MockRestServiceServerResetTestExecutionListener@126f036e, org.springframework.boot.test.autoconfigure.web.servlet.MockMvcPrintOnlyOnFailureTestExecutionListener@64a1fb36, org.springframework.boot.test.autoconfigure.web.servlet.WebDriverTestExecutionListener@240f5fb, org.springframework.boot.test.autoconfigure.webservices.client.MockWebServiceServerTestExecutionListener@67ab0fb9]

Scenario: Login with correct username and password 2 &amp#27;[90m# src/test/java/com/example/Automation/features/Login.feature:13&amp#27;[0m

Scenario: Login with correct username and password &amp#27;[90m# src/test/java/com/example/Automation/features/Login.feature:4&amp#27;[0m

Scenario: Login with correct username and password &amp#27;[90m# src/test/java/com/example/Automation/features/Login2.feature:4&amp#27;[0m

Scenario: Login with correct username and password 2 &amp#27;[90m# src/test/java/com/example/Automation/features/Login2.feature:13&amp#27;[0m
2023-03-12 13:10:41.820  WARN 1763 --- [G-PoolService-1] o.o.selenium.devtools.CdpVersionFinder   : Unable to find an exact match for CDP version 110, so returning the closest version found: 109
2023-03-12 13:10:41.821  WARN 1763 --- [G-PoolService-2] o.o.selenium.devtools.CdpVersionFinder   : Unable to find an exact match for CDP version 110, so returning the closest version found: 109
2023-03-12 13:10:41.829  WARN 1763 --- [G-PoolService-3] o.o.selenium.devtools.CdpVersionFinder   : Unable to find an exact match for CDP version 110, so returning the closest version found: 109
2023-03-12 13:10:41.832  WARN 1763 --- [G-PoolService-0] o.o.selenium.devtools.CdpVersionFinder   : Unable to find an exact match for CDP version 110, so returning the closest version found: 109
In Home Page
In Home Page
In Home Page
In Home Page
  &amp#27;[31mGiven &amp#27;[0m&amp#27;[31mI click login in Home Page&amp#27;[0m                 &amp#27;[90m# com.example.Automation.steps.LoginSteps.iClickLoginInHomePage()&amp#27;[0m
      &amp#27;[31morg.openqa.selenium.NoSuchElementException: no such element: Unable to locate element: {"method":"link text","selector":"Login"}
  (Session info: chrome=110.0.5481.177)
For documentation on this error, please visit: https://selenium.dev/exceptions/#no_such_element
Build info: version: '4.8.0', revision: '267030adea'
System info: os.name: 'Linux', os.arch: 'amd64', os.version: '5.15.0-1034-azure', java.version: '11.0.18'
Driver info: org.openqa.selenium.chrome.ChromeDriver
Command: [eddd1fbc183b43258e9a9c960820cd4d, findElement {using=link text, value=Login}]
Capabilities {acceptInsecureCerts: false, browserName: chrome, browserVersion: 110.0.5481.177, chrome: {chromedriverVersion: 110.0.5481.77 (65ed616c6e8e..., userDataDir: /tmp/.com.google.Chrome.0I7zpV}, goog:chromeOptions: {debuggerAddress: localhost:35059}, networkConnectionEnabled: false, pageLoadStrategy: normal, platformName: LINUX, proxy: Proxy(), se:cdp: ws://localhost:35059/devtoo..., se:cdpVersion: 110.0.5481.177, setWindowRect: true, strictFileInteractability: false, timeouts: {implicit: 0, pageLoad: 300000, script: 30000}, unhandledPromptBehavior: dismiss and notify, webauthn:extension:credBlob: true, webauthn:extension:largeBlob: true, webauthn:virtualAuthenticators: true}
Session ID: eddd1fbc183b43258e9a9c960820cd4d
	at java.base/jdk.internal.reflect.NativeConstructorAccessorImpl.newInstance0(Native Method)
	at java.base/jdk.internal.reflect.NativeConstructorAccessorImpl.newInstance(NativeConstructorAccessorImpl.java:62)
	at java.base/jdk.internal.reflect.DelegatingConstructorAccessorImpl.newInstance(DelegatingConstructorAccessorImpl.java:45)
	at java.base/java.lang.reflect.Constructor.newInstance(Constructor.java:490)
	at org.openqa.selenium.remote.codec.w3c.W3CHttpResponseCodec.createException(W3CHttpResponseCodec.java:200)
	at org.openqa.selenium.remote.codec.w3c.W3CHttpResponseCodec.decode(W3CHttpResponseCodec.java:133)
	at org.openqa.selenium.remote.codec.w3c.W3CHttpResponseCodec.decode(W3CHttpResponseCodec.java:53)
	at org.openqa.selenium.remote.HttpCommandExecutor.execute(HttpCommandExecutor.java:184)
	at org.openqa.selenium.remote.service.DriverCommandExecutor.invokeExecute(DriverCommandExecutor.java:167)
	at org.openqa.selenium.remote.service.DriverCommandExecutor.execute(DriverCommandExecutor.java:142)
	at org.openqa.selenium.remote.RemoteWebDriver.execute(RemoteWebDriver.java:543)
	at org.openqa.selenium.remote.ElementLocation$ElementFinder$2.findElement(ElementLocation.java:162)
	at org.openqa.selenium.remote.ElementLocation.findElement(ElementLocation.java:60)
	at org.openqa.selenium.remote.RemoteWebDriver.findElement(RemoteWebDriver.java:352)
	at org.openqa.selenium.remote.RemoteWebDriver.findElement(RemoteWebDriver.java:344)
	at java.base/jdk.internal.reflect.NativeMethodAccessorImpl.invoke0(Native Method)
	at java.base/jdk.internal.reflect.NativeMethodAccessorImpl.invoke(NativeMethodAccessorImpl.java:62)
	at java.base/jdk.internal.reflect.DelegatingMethodAccessorImpl.invoke(DelegatingMethodAccessorImpl.java:43)
	at java.base/java.lang.reflect.Method.invoke(Method.java:566)
	at org.springframework.aop.support.AopUtils.invokeJoinpointUsingReflection(AopUtils.java:344)
	at org.springframework.aop.framework.JdkDynamicAopProxy.invoke(JdkDynamicAopProxy.java:208)
	at com.sun.proxy.$Proxy109.findElement(Unknown Source)
	at org.openqa.selenium.support.pagefactory.DefaultElementLocator.findElement(DefaultElementLocator.java:70)
	at org.openqa.selenium.support.pagefactory.internal.LocatingElementHandler.invoke(LocatingElementHandler.java:39)
	at com.sun.proxy.$Proxy113.click(Unknown Source)
	at com.example.Automation.pages.HomePage.ClickLogin(HomePage.java:30)
	at com.example.Automation.pages.HomePage$$FastClassBySpringCGLIB$$1425a7fe.invoke(<generated>)
	at org.springframework.cglib.proxy.MethodProxy.invoke(MethodProxy.java:218)
	at org.springframework.aop.framework.CglibAopProxy.invokeMethod(CglibAopProxy.java:386)
	at org.springframework.aop.framework.CglibAopProxy.access$000(CglibAopProxy.java:85)
	at org.springframework.aop.framework.CglibAopProxy$DynamicAdvisedInterceptor.intercept(CglibAopProxy.java:704)
	at com.example.Automation.pages.HomePage$$EnhancerBySpringCGLIB$$6a729c6b.ClickLogin(<generated>)
	at com.example.Automation.steps.LoginSteps.iClickLoginInHomePage(LoginSteps.java:21)
	at ✽.I click login in Home Page(file:///home/runner/work/cucumber-springboot/cucumber-springboot/src/test/java/com/example/Automation/features/Login.feature:5)
&amp#27;[0m
  &amp#27;[31mGiven &amp#27;[0m&amp#27;[31mI click login in Home Page&amp#27;[0m                   &amp#27;[90m# com.example.Automation.steps.LoginSteps.iClickLoginInHomePage()&amp#27;[0m
      &amp#27;[31morg.openqa.selenium.NoSuchElementException: no such element: Unable to locate element: {"method":"link text","selector":"Login"}
  (Session info: chrome=110.0.5481.177)
For documentation on this error, please visit: https://selenium.dev/exceptions/#no_such_element
Build info: version: '4.8.0', revision: '267030adea'
System info: os.name: 'Linux', os.arch: 'amd64', os.version: '5.15.0-1034-azure', java.version: '11.0.18'
Driver info: org.openqa.selenium.chrome.ChromeDriver
Command: [798f05a5a223019d343d0c0f09c8367d, findElement {using=link text, value=Login}]
Capabilities {acceptInsecureCerts: false, browserName: chrome, browserVersion: 110.0.5481.177, chrome: {chromedriverVersion: 110.0.5481.77 (65ed616c6e8e..., userDataDir: /tmp/.com.google.Chrome.1SLyRi}, goog:chromeOptions: {debuggerAddress: localhost:46303}, networkConnectionEnabled: false, pageLoadStrategy: normal, platformName: LINUX, proxy: Proxy(), se:cdp: ws://localhost:46303/devtoo..., se:cdpVersion: 110.0.5481.177, setWindowRect: true, strictFileInteractability: false, timeouts: {implicit: 0, pageLoad: 300000, script: 30000}, unhandledPromptBehavior: dismiss and notify, webauthn:extension:credBlob: true, webauthn:extension:largeBlob: true, webauthn:virtualAuthenticators: true}
Session ID: 798f05a5a223019d343d0c0f09c8367d
	at java.base/jdk.internal.reflect.NativeConstructorAccessorImpl.newInstance0(Native Method)
	at java.base/jdk.internal.reflect.NativeConstructorAccessorImpl.newInstance(NativeConstructorAccessorImpl.java:62)
	at java.base/jdk.internal.reflect.DelegatingConstructorAccessorImpl.newInstance(DelegatingConstructorAccessorImpl.java:45)
	at java.base/java.lang.reflect.Constructor.newInstance(Constructor.java:490)
	at org.openqa.selenium.remote.codec.w3c.W3CHttpResponseCodec.createException(W3CHttpResponseCodec.java:200)
	at org.openqa.selenium.remote.codec.w3c.W3CHttpResponseCodec.decode(W3CHttpResponseCodec.java:133)
	at org.openqa.selenium.remote.codec.w3c.W3CHttpResponseCodec.decode(W3CHttpResponseCodec.java:53)
	at org.openqa.selenium.remote.HttpCommandExecutor.execute(HttpCommandExecutor.java:184)
	at org.openqa.selenium.remote.service.DriverCommandExecutor.invokeExecute(DriverCommandExecutor.java:167)
	at org.openqa.selenium.remote.service.DriverCommandExecutor.execute(DriverCommandExecutor.java:142)
	at org.openqa.selenium.remote.RemoteWebDriver.execute(RemoteWebDriver.java:543)
	at org.openqa.selenium.remote.ElementLocation$ElementFinder$2.findElement(ElementLocation.java:162)
	at org.openqa.selenium.remote.ElementLocation.findElement(ElementLocation.java:60)
	at org.openqa.selenium.remote.RemoteWebDriver.findElement(RemoteWebDriver.java:352)
	at org.openqa.selenium.remote.RemoteWebDriver.findElement(RemoteWebDriver.java:344)
	at java.base/jdk.internal.reflect.NativeMethodAccessorImpl.invoke0(Native Method)
	at java.base/jdk.internal.reflect.NativeMethodAccessorImpl.invoke(NativeMethodAccessorImpl.java:62)
	at java.base/jdk.internal.reflect.DelegatingMethodAccessorImpl.invoke(DelegatingMethodAccessorImpl.java:43)
	at java.base/java.lang.reflect.Method.invoke(Method.java:566)
	at org.springframework.aop.support.AopUtils.invokeJoinpointUsingReflection(AopUtils.java:344)
	at org.springframework.aop.framework.JdkDynamicAopProxy.invoke(JdkDynamicAopProxy.java:208)
	at com.sun.proxy.$Proxy109.findElement(Unknown Source)
	at org.openqa.selenium.support.pagefactory.DefaultElementLocator.findElement(DefaultElementLocator.java:70)
	at org.openqa.selenium.support.pagefactory.internal.LocatingElementHandler.invoke(LocatingElementHandler.java:39)
	at com.sun.proxy.$Proxy113.click(Unknown Source)
	at com.example.Automation.pages.HomePage.ClickLogin(HomePage.java:30)
	at com.example.Automation.pages.HomePage$$FastClassBySpringCGLIB$$1425a7fe.invoke(<generated>)
	at org.springframework.cglib.proxy.MethodProxy.invoke(MethodProxy.java:218)
	at org.springframework.aop.framework.CglibAopProxy.invokeMethod(CglibAopProxy.java:386)
	at org.springframework.aop.framework.CglibAopProxy.access$000(CglibAopProxy.java:85)
	at org.springframework.aop.framework.CglibAopProxy$DynamicAdvisedInterceptor.intercept(CglibAopProxy.java:704)
	at com.example.Automation.pages.HomePage$$EnhancerBySpringCGLIB$$6a729c6b.ClickLogin(<generated>)
	at com.example.Automation.steps.LoginSteps.iClickLoginInHomePage(LoginSteps.java:21)
	at ✽.I click login in Home Page(file:///home/runner/work/cucumber-springboot/cucumber-springboot/src/test/java/com/example/Automation/features/Login.feature:14)
&amp#27;[0m
  &amp#27;[31mGiven &amp#27;[0m&amp#27;[31mI click login in Home Page&amp#27;[0m                 &amp#27;[90m# com.example.Automation.steps.LoginSteps.iClickLoginInHomePage()&amp#27;[0m
      &amp#27;[31morg.openqa.selenium.NoSuchElementException: no such element: Unable to locate element: {"method":"link text","selector":"Login"}
  (Session info: chrome=110.0.5481.177)
For documentation on this error, please visit: https://selenium.dev/exceptions/#no_such_element
Build info: version: '4.8.0', revision: '267030adea'
System info: os.name: 'Linux', os.arch: 'amd64', os.version: '5.15.0-1034-azure', java.version: '11.0.18'
Driver info: org.openqa.selenium.chrome.ChromeDriver
Command: [eb1f8889b133ea6fcf23be7c2f535b37, findElement {using=link text, value=Login}]
Capabilities {acceptInsecureCerts: false, browserName: chrome, browserVersion: 110.0.5481.177, chrome: {chromedriverVersion: 110.0.5481.77 (65ed616c6e8e..., userDataDir: /tmp/.com.google.Chrome.cPKjO7}, goog:chromeOptions: {debuggerAddress: localhost:35547}, networkConnectionEnabled: false, pageLoadStrategy: normal, platformName: LINUX, proxy: Proxy(), se:cdp: ws://localhost:35547/devtoo..., se:cdpVersion: 110.0.5481.177, setWindowRect: true, strictFileInteractability: false, timeouts: {implicit: 0, pageLoad: 300000, script: 30000}, unhandledPromptBehavior: dismiss and notify, webauthn:extension:credBlob: true, webauthn:extension:largeBlob: true, webauthn:virtualAuthenticators: true}
Session ID: eb1f8889b133ea6fcf23be7c2f535b37
	at java.base/jdk.internal.reflect.NativeConstructorAccessorImpl.newInstance0(Native Method)
	at java.base/jdk.internal.reflect.NativeConstructorAccessorImpl.newInstance(NativeConstructorAccessorImpl.java:62)
	at java.base/jdk.internal.reflect.DelegatingConstructorAccessorImpl.newInstance(DelegatingConstructorAccessorImpl.java:45)
	at java.base/java.lang.reflect.Constructor.newInstance(Constructor.java:490)
	at org.openqa.selenium.remote.codec.w3c.W3CHttpResponseCodec.createException(W3CHttpResponseCodec.java:200)
	at org.openqa.selenium.remote.codec.w3c.W3CHttpResponseCodec.decode(W3CHttpResponseCodec.java:133)
	at org.openqa.selenium.remote.codec.w3c.W3CHttpResponseCodec.decode(W3CHttpResponseCodec.java:53)
	at org.openqa.selenium.remote.HttpCommandExecutor.execute(HttpCommandExecutor.java:184)
	at org.openqa.selenium.remote.service.DriverCommandExecutor.invokeExecute(DriverCommandExecutor.java:167)
	at org.openqa.selenium.remote.service.DriverCommandExecutor.execute(DriverCommandExecutor.java:142)
	at org.openqa.selenium.remote.RemoteWebDriver.execute(RemoteWebDriver.java:543)
	at org.openqa.selenium.remote.ElementLocation$ElementFinder$2.findElement(ElementLocation.java:162)
	at org.openqa.selenium.remote.ElementLocation.findElement(ElementLocation.java:60)
	at org.openqa.selenium.remote.RemoteWebDriver.findElement(RemoteWebDriver.java:352)
	at org.openqa.selenium.remote.RemoteWebDriver.findElement(RemoteWebDriver.java:344)
	at java.base/jdk.internal.reflect.NativeMethodAccessorImpl.invoke0(Native Method)
	at java.base/jdk.internal.reflect.NativeMethodAccessorImpl.invoke(NativeMethodAccessorImpl.java:62)
	at java.base/jdk.internal.reflect.DelegatingMethodAccessorImpl.invoke(DelegatingMethodAccessorImpl.java:43)
	at java.base/java.lang.reflect.Method.invoke(Method.java:566)
	at org.springframework.aop.support.AopUtils.invokeJoinpointUsingReflection(AopUtils.java:344)
	at org.springframework.aop.framework.JdkDynamicAopProxy.invoke(JdkDynamicAopProxy.java:208)
	at com.sun.proxy.$Proxy109.findElement(Unknown Source)
	at org.openqa.selenium.support.pagefactory.DefaultElementLocator.findElement(DefaultElementLocator.java:70)
	at org.openqa.selenium.support.pagefactory.internal.LocatingElementHandler.invoke(LocatingElementHandler.java:39)
	at com.sun.proxy.$Proxy113.click(Unknown Source)
	at com.example.Automation.pages.HomePage.ClickLogin(HomePage.java:30)
	at com.example.Automation.pages.HomePage$$FastClassBySpringCGLIB$$1425a7fe.invoke(<generated>)
	at org.springframework.cglib.proxy.MethodProxy.invoke(MethodProxy.java:218)
	at org.springframework.aop.framework.CglibAopProxy.invokeMethod(CglibAopProxy.java:386)
	at org.springframework.aop.framework.CglibAopProxy.access$000(CglibAopProxy.java:85)
	at org.springframework.aop.framework.CglibAopProxy$DynamicAdvisedInterceptor.intercept(CglibAopProxy.java:704)
	at com.example.Automation.pages.HomePage$$EnhancerBySpringCGLIB$$6a729c6b.ClickLogin(<generated>)
	at com.example.Automation.steps.LoginSteps.iClickLoginInHomePage(LoginSteps.java:21)
	at ✽.I click login in Home Page(file:///home/runner/work/cucumber-springboot/cucumber-springboot/src/test/java/com/example/Automation/features/Login2.feature:5)
&amp#27;[0m
  &amp#27;[31mGiven &amp#27;[0m&amp#27;[31mI click login in Home Page&amp#27;[0m                   &amp#27;[90m# com.example.Automation.steps.LoginSteps.iClickLoginInHomePage()&amp#27;[0m
      &amp#27;[31morg.openqa.selenium.NoSuchElementException: no such element: Unable to locate element: {"method":"link text","selector":"Login"}
  (Session info: chrome=110.0.5481.177)
For documentation on this error, please visit: https://selenium.dev/exceptions/#no_such_element
Build info: version: '4.8.0', revision: '267030adea'
System info: os.name: 'Linux', os.arch: 'amd64', os.version: '5.15.0-1034-azure', java.version: '11.0.18'
Driver info: org.openqa.selenium.chrome.ChromeDriver
Command: [549b1f3be13411463244656006ec5f36, findElement {using=link text, value=Login}]
Capabilities {acceptInsecureCerts: false, browserName: chrome, browserVersion: 110.0.5481.177, chrome: {chromedriverVersion: 110.0.5481.77 (65ed616c6e8e..., userDataDir: /tmp/.com.google.Chrome.6ttmen}, goog:chromeOptions: {debuggerAddress: localhost:46663}, networkConnectionEnabled: false, pageLoadStrategy: normal, platformName: LINUX, proxy: Proxy(), se:cdp: ws://localhost:46663/devtoo..., se:cdpVersion: 110.0.5481.177, setWindowRect: true, strictFileInteractability: false, timeouts: {implicit: 0, pageLoad: 300000, script: 30000}, unhandledPromptBehavior: dismiss and notify, webauthn:extension:credBlob: true, webauthn:extension:largeBlob: true, webauthn:virtualAuthenticators: true}
Session ID: 549b1f3be13411463244656006ec5f36
	at java.base/jdk.internal.reflect.NativeConstructorAccessorImpl.newInstance0(Native Method)
	at java.base/jdk.internal.reflect.NativeConstructorAccessorImpl.newInstance(NativeConstructorAccessorImpl.java:62)
	at java.base/jdk.internal.reflect.DelegatingConstructorAccessorImpl.newInstance(DelegatingConstructorAccessorImpl.java:45)
	at java.base/java.lang.reflect.Constructor.newInstance(Constructor.java:490)
	at org.openqa.selenium.remote.codec.w3c.W3CHttpResponseCodec.createException(W3CHttpResponseCodec.java:200)
	at org.openqa.selenium.remote.codec.w3c.W3CHttpResponseCodec.decode(W3CHttpResponseCodec.java:133)
	at org.openqa.selenium.remote.codec.w3c.W3CHttpResponseCodec.decode(W3CHttpResponseCodec.java:53)
	at org.openqa.selenium.remote.HttpCommandExecutor.execute(HttpCommandExecutor.java:184)
	at org.openqa.selenium.remote.service.DriverCommandExecutor.invokeExecute(DriverCommandExecutor.java:167)
	at org.openqa.selenium.remote.service.DriverCommandExecutor.execute(DriverCommandExecutor.java:142)
	at org.openqa.selenium.remote.RemoteWebDriver.execute(RemoteWebDriver.java:543)
	at org.openqa.selenium.remote.ElementLocation$ElementFinder$2.findElement(ElementLocation.java:162)
	at org.openqa.selenium.remote.ElementLocation.findElement(ElementLocation.java:60)
	at org.openqa.selenium.remote.RemoteWebDriver.findElement(RemoteWebDriver.java:352)
	at org.openqa.selenium.remote.RemoteWebDriver.findElement(RemoteWebDriver.java:344)
	at java.base/jdk.internal.reflect.NativeMethodAccessorImpl.invoke0(Native Method)
	at java.base/jdk.internal.reflect.NativeMethodAccessorImpl.invoke(NativeMethodAccessorImpl.java:62)
	at java.base/jdk.internal.reflect.DelegatingMethodAccessorImpl.invoke(DelegatingMethodAccessorImpl.java:43)
	at java.base/java.lang.reflect.Method.invoke(Method.java:566)
	at org.springframework.aop.support.AopUtils.invokeJoinpointUsingReflection(AopUtils.java:344)
	at org.springframework.aop.framework.JdkDynamicAopProxy.invoke(JdkDynamicAopProxy.java:208)
	at com.sun.proxy.$Proxy109.findElement(Unknown Source)
	at org.openqa.selenium.support.pagefactory.DefaultElementLocator.findElement(DefaultElementLocator.java:70)
	at org.openqa.selenium.support.pagefactory.internal.LocatingElementHandler.invoke(LocatingElementHandler.java:39)
	at com.sun.proxy.$Proxy113.click(Unknown Source)
	at com.example.Automation.pages.HomePage.ClickLogin(HomePage.java:30)
	at com.example.Automation.pages.HomePage$$FastClassBySpringCGLIB$$1425a7fe.invoke(<generated>)
	at org.springframework.cglib.proxy.MethodProxy.invoke(MethodProxy.java:218)
	at org.springframework.aop.framework.CglibAopProxy.invokeMethod(CglibAopProxy.java:386)
	at org.springframework.aop.framework.CglibAopProxy.access$000(CglibAopProxy.java:85)
	at org.springframework.aop.framework.CglibAopProxy$DynamicAdvisedInterceptor.intercept(CglibAopProxy.java:704)
	at com.example.Automation.pages.HomePage$$EnhancerBySpringCGLIB$$6a729c6b.ClickLogin(<generated>)
	at com.example.Automation.steps.LoginSteps.iClickLoginInHomePage(LoginSteps.java:21)
	at ✽.I click login in Home Page(file:///home/runner/work/cucumber-springboot/cucumber-springboot/src/test/java/com/example/Automation/features/Login2.feature:14)
&amp#27;[0m
  &amp#27;[36mAnd &amp#27;[0m&amp#27;[36mI enter the following for Login&amp#27;[0m                &amp#27;[90m# com.example.Automation.steps.LoginSteps.iEnterTheFollowingForLogin(io.cucumber.datatable.DataTable)&amp#27;[0m
    | username | password  |
    | admin    | password2 |
  &amp#27;[36mAnd &amp#27;[0m&amp#27;[36mI enter the following for Login&amp#27;[0m              &amp#27;[90m# com.example.Automation.steps.LoginSteps.iEnterTheFollowingForLogin(io.cucumber.datatable.DataTable)&amp#27;[0m
    | username | password |
    | admin    | password |
  &amp#27;[36mAnd &amp#27;[0m&amp#27;[36mI click login button&amp#27;[0m                         &amp#27;[90m# com.example.Automation.steps.LoginSteps.iClickLoginButton()&amp#27;[0m
  &amp#27;[36mThen &amp#27;[0m&amp#27;[36mI should see the userform page&amp#27;[0m              &amp#27;[90m# com.example.Automation.steps.LoginSteps.iShouldSeeTheUserformPage()&amp#27;[0m
Login with correct username and password
  &amp#27;[36mAnd &amp#27;[0m&amp#27;[36mI enter the following for Login&amp#27;[0m              &amp#27;[90m# com.example.Automation.steps.LoginSteps.iEnterTheFollowingForLogin(io.cucumber.datatable.DataTable)&amp#27;[0m
    | username | password |
    | admin    | password |
  &amp#27;[36mAnd &amp#27;[0m&amp#27;[36mI click login button&amp#27;[0m                         &amp#27;[90m# com.example.Automation.steps.LoginSteps.iClickLoginButton()&amp#27;[0m
  &amp#27;[36mThen &amp#27;[0m&amp#27;[36mI should see the userform page&amp#27;[0m              &amp#27;[90m# com.example.Automation.steps.LoginSteps.iShouldSeeTheUserformPage()&amp#27;[0m
Login with correct username and password
  &amp#27;[36mAnd &amp#27;[0m&amp#27;[36mI enter the following for Login&amp#27;[0m                &amp#27;[90m# com.example.Automation.steps.LoginSteps.iEnterTheFollowingForLogin(io.cucumber.datatable.DataTable)&amp#27;[0m
    | username | password  |
    | admin    | password2 |
  &amp#27;[36mAnd &amp#27;[0m&amp#27;[36mI click login button&amp#27;[0m                           &amp#27;[90m# com.example.Automation.steps.LoginSteps.iClickLoginButton()&amp#27;[0m
  &amp#27;[36mThen &amp#27;[0m&amp#27;[36mI should see the userform page&amp#27;[0m                &amp#27;[90m# com.example.Automation.steps.LoginSteps.iShouldSeeTheUserformPage()&amp#27;[0m
Login with correct username and password 2
  &amp#27;[36mAnd &amp#27;[0m&amp#27;[36mI click login button&amp#27;[0m                           &amp#27;[90m# com.example.Automation.steps.LoginSteps.iClickLoginButton()&amp#27;[0m
  &amp#27;[36mThen &amp#27;[0m&amp#27;[36mI should see the userform page&amp#27;[0m                &amp#27;[90m# com.example.Automation.steps.LoginSteps.iShouldSeeTheUserformPage()&amp#27;[0m
Login with correct username and password 2
]]></system-out>
    <system-err><![CDATA[Starting SCtharrotmienDgr iCvherro m1e1D0Starting ChromeDriver 110.0.5481.77 (65ed616c6e8ee3fe0ad64fe83796c020644d42af-refs/branch-heads/5481@{#839}) on port 24259
Only local connections are allowed.
Please see https://chromedriver.chromium.org/security-considerations for suggestions on keeping ChromeDriver safe.
Starting ChromeDriver 110.0.5481.77 (65ed616c6e8ee3fe0ad64fe83796c020644d42af-refs/branch-heads/5481@{#839}) on port 8302
Only local connections are allowed.
Please see https://chromedriver.chromium.org/security-considerations for suggestions on keeping ChromeDriver safe.
.0.5481.77 (65ed616c6e8ee3fe0ad64fe83796c020644d42af-refs/branch-heads/54river 110.0.5481.77 (65ed616c6e8ee3fe0ad64fe83796c020644d42af-refs/branch-heads/5481@{#839}) on port 16097
Only local connections are allowed.
Please see https://chromedriver.chromium.org/security-considerations for suggestions on keeping ChromeDriver safe.
81@{#839}) on port 21974
Only local connections are allowed.
Please see https://chromedriver.chromium.org/security-considerations for suggestions on keeping ChromeDriver safe.
ChromeDriver was started successfully.
ChromeDriver was started successfully.
ChromeDriver was started successfully.
ChromeDriver was started successfully.
[1678626640.568][WARNING]: virtual void DevToolsClientImpl::AddListener(DevToolsEventListener *) subscribing a listener to the already connected DevToolsClient. Connection notification will not arrive.
[1678626640.568][WARNING]: virtual void DevToolsClientImpl::AddListener(DevToolsEventListener *) subscribing a listener to the already connected DevToolsClient. Connection notification will not arrive.
[1678626640.[516697]8[6W2A6R6N4ING]0:. 5v7i3r]t[uWaAlR NvIoNiG]: virtual void DevToolsClientImpl::AddListener(DevToolsEventListener *) subscribing a listener to the already connected DevToolsClient. Connection notification will not arrive.
d DevToolsClientImpl::AddListener(DevToolsEventListener *) subscribing a listener to the already connected DevToolsClient. Connection notification will not arrive.
]]></system-err>
  </testcase>
  <testcase name="runScenario" classname="com.example.Automation.runner.TestRunner" time="21.661">
    <failure message="no such element: Unable to locate element: {&quot;method&quot;:&quot;link text&quot;,&quot;selector&quot;:&quot;Login&quot;}&#10;  (Session info: chrome=110.0.5481.177)&#10;For documentation on this error, please visit: https://selenium.dev/exceptions/#no_such_element&#10;Build info: version: &apos;4.8.0&apos;, revision: &apos;267030adea&apos;&#10;System info: os.name: &apos;Linux&apos;, os.arch: &apos;amd64&apos;, os.version: &apos;5.15.0-1034-azure&apos;, java.version: &apos;11.0.18&apos;&#10;Driver info: org.openqa.selenium.chrome.ChromeDriver&#10;Command: [eb1f8889b133ea6fcf23be7c2f535b37, findElement {using=link text, value=Login}]&#10;Capabilities {acceptInsecureCerts: false, browserName: chrome, browserVersion: 110.0.5481.177, chrome: {chromedriverVersion: 110.0.5481.77 (65ed616c6e8e..., userDataDir: /tmp/.com.google.Chrome.cPKjO7}, goog:chromeOptions: {debuggerAddress: localhost:35547}, networkConnectionEnabled: false, pageLoadStrategy: normal, platformName: LINUX, proxy: Proxy(), se:cdp: ws://localhost:35547/devtoo..., se:cdpVersion: 110.0.5481.177, setWindowRect: true, strictFileInteractability: false, timeouts: {implicit: 0, pageLoad: 300000, script: 30000}, unhandledPromptBehavior: dismiss and notify, webauthn:extension:credBlob: true, webauthn:extension:largeBlob: true, webauthn:virtualAuthenticators: true}&#10;Session ID: eb1f8889b133ea6fcf23be7c2f535b37" type="org.openqa.selenium.NoSuchElementException"><![CDATA[org.openqa.selenium.NoSuchElementException: 
no such element: Unable to locate element: {"method":"link text","selector":"Login"}
  (Session info: chrome=110.0.5481.177)
For documentation on this error, please visit: https://selenium.dev/exceptions/#no_such_element
Build info: version: '4.8.0', revision: '267030adea'
System info: os.name: 'Linux', os.arch: 'amd64', os.version: '5.15.0-1034-azure', java.version: '11.0.18'
Driver info: org.openqa.selenium.chrome.ChromeDriver
Command: [eb1f8889b133ea6fcf23be7c2f535b37, findElement {using=link text, value=Login}]
Capabilities {acceptInsecureCerts: false, browserName: chrome, browserVersion: 110.0.5481.177, chrome: {chromedriverVersion: 110.0.5481.77 (65ed616c6e8e..., userDataDir: /tmp/.com.google.Chrome.cPKjO7}, goog:chromeOptions: {debuggerAddress: localhost:35547}, networkConnectionEnabled: false, pageLoadStrategy: normal, platformName: LINUX, proxy: Proxy(), se:cdp: ws://localhost:35547/devtoo..., se:cdpVersion: 110.0.5481.177, setWindowRect: true, strictFileInteractability: false, timeouts: {implicit: 0, pageLoad: 300000, script: 30000}, unhandledPromptBehavior: dismiss and notify, webauthn:extension:credBlob: true, webauthn:extension:largeBlob: true, webauthn:virtualAuthenticators: true}
Session ID: eb1f8889b133ea6fcf23be7c2f535b37
]]></failure>
  </testcase>
  <testcase name="runScenario" classname="com.example.Automation.runner.TestRunner" time="21.671">
    <failure message="no such element: Unable to locate element: {&quot;method&quot;:&quot;link text&quot;,&quot;selector&quot;:&quot;Login&quot;}&#10;  (Session info: chrome=110.0.5481.177)&#10;For documentation on this error, please visit: https://selenium.dev/exceptions/#no_such_element&#10;Build info: version: &apos;4.8.0&apos;, revision: &apos;267030adea&apos;&#10;System info: os.name: &apos;Linux&apos;, os.arch: &apos;amd64&apos;, os.version: &apos;5.15.0-1034-azure&apos;, java.version: &apos;11.0.18&apos;&#10;Driver info: org.openqa.selenium.chrome.ChromeDriver&#10;Command: [798f05a5a223019d343d0c0f09c8367d, findElement {using=link text, value=Login}]&#10;Capabilities {acceptInsecureCerts: false, browserName: chrome, browserVersion: 110.0.5481.177, chrome: {chromedriverVersion: 110.0.5481.77 (65ed616c6e8e..., userDataDir: /tmp/.com.google.Chrome.1SLyRi}, goog:chromeOptions: {debuggerAddress: localhost:46303}, networkConnectionEnabled: false, pageLoadStrategy: normal, platformName: LINUX, proxy: Proxy(), se:cdp: ws://localhost:46303/devtoo..., se:cdpVersion: 110.0.5481.177, setWindowRect: true, strictFileInteractability: false, timeouts: {implicit: 0, pageLoad: 300000, script: 30000}, unhandledPromptBehavior: dismiss and notify, webauthn:extension:credBlob: true, webauthn:extension:largeBlob: true, webauthn:virtualAuthenticators: true}&#10;Session ID: 798f05a5a223019d343d0c0f09c8367d" type="org.openqa.selenium.NoSuchElementException"><![CDATA[org.openqa.selenium.NoSuchElementException: 
no such element: Unable to locate element: {"method":"link text","selector":"Login"}
  (Session info: chrome=110.0.5481.177)
For documentation on this error, please visit: https://selenium.dev/exceptions/#no_such_element
Build info: version: '4.8.0', revision: '267030adea'
System info: os.name: 'Linux', os.arch: 'amd64', os.version: '5.15.0-1034-azure', java.version: '11.0.18'
Driver info: org.openqa.selenium.chrome.ChromeDriver
Command: [798f05a5a223019d343d0c0f09c8367d, findElement {using=link text, value=Login}]
Capabilities {acceptInsecureCerts: false, browserName: chrome, browserVersion: 110.0.5481.177, chrome: {chromedriverVersion: 110.0.5481.77 (65ed616c6e8e..., userDataDir: /tmp/.com.google.Chrome.1SLyRi}, goog:chromeOptions: {debuggerAddress: localhost:46303}, networkConnectionEnabled: false, pageLoadStrategy: normal, platformName: LINUX, proxy: Proxy(), se:cdp: ws://localhost:46303/devtoo..., se:cdpVersion: 110.0.5481.177, setWindowRect: true, strictFileInteractability: false, timeouts: {implicit: 0, pageLoad: 300000, script: 30000}, unhandledPromptBehavior: dismiss and notify, webauthn:extension:credBlob: true, webauthn:extension:largeBlob: true, webauthn:virtualAuthenticators: true}
Session ID: 798f05a5a223019d343d0c0f09c8367d
]]></failure>
  </testcase>
  <testcase name="runScenario" classname="com.example.Automation.runner.TestRunner" time="21.671">
    <failure message="no such element: Unable to locate element: {&quot;method&quot;:&quot;link text&quot;,&quot;selector&quot;:&quot;Login&quot;}&#10;  (Session info: chrome=110.0.5481.177)&#10;For documentation on this error, please visit: https://selenium.dev/exceptions/#no_such_element&#10;Build info: version: &apos;4.8.0&apos;, revision: &apos;267030adea&apos;&#10;System info: os.name: &apos;Linux&apos;, os.arch: &apos;amd64&apos;, os.version: &apos;5.15.0-1034-azure&apos;, java.version: &apos;11.0.18&apos;&#10;Driver info: org.openqa.selenium.chrome.ChromeDriver&#10;Command: [eddd1fbc183b43258e9a9c960820cd4d, findElement {using=link text, value=Login}]&#10;Capabilities {acceptInsecureCerts: false, browserName: chrome, browserVersion: 110.0.5481.177, chrome: {chromedriverVersion: 110.0.5481.77 (65ed616c6e8e..., userDataDir: /tmp/.com.google.Chrome.0I7zpV}, goog:chromeOptions: {debuggerAddress: localhost:35059}, networkConnectionEnabled: false, pageLoadStrategy: normal, platformName: LINUX, proxy: Proxy(), se:cdp: ws://localhost:35059/devtoo..., se:cdpVersion: 110.0.5481.177, setWindowRect: true, strictFileInteractability: false, timeouts: {implicit: 0, pageLoad: 300000, script: 30000}, unhandledPromptBehavior: dismiss and notify, webauthn:extension:credBlob: true, webauthn:extension:largeBlob: true, webauthn:virtualAuthenticators: true}&#10;Session ID: eddd1fbc183b43258e9a9c960820cd4d" type="org.openqa.selenium.NoSuchElementException"><![CDATA[org.openqa.selenium.NoSuchElementException: 
no such element: Unable to locate element: {"method":"link text","selector":"Login"}
  (Session info: chrome=110.0.5481.177)
For documentation on this error, please visit: https://selenium.dev/exceptions/#no_such_element
Build info: version: '4.8.0', revision: '267030adea'
System info: os.name: 'Linux', os.arch: 'amd64', os.version: '5.15.0-1034-azure', java.version: '11.0.18'
Driver info: org.openqa.selenium.chrome.ChromeDriver
Command: [eddd1fbc183b43258e9a9c960820cd4d, findElement {using=link text, value=Login}]
Capabilities {acceptInsecureCerts: false, browserName: chrome, browserVersion: 110.0.5481.177, chrome: {chromedriverVersion: 110.0.5481.77 (65ed616c6e8e..., userDataDir: /tmp/.com.google.Chrome.0I7zpV}, goog:chromeOptions: {debuggerAddress: localhost:35059}, networkConnectionEnabled: false, pageLoadStrategy: normal, platformName: LINUX, proxy: Proxy(), se:cdp: ws://localhost:35059/devtoo..., se:cdpVersion: 110.0.5481.177, setWindowRect: true, strictFileInteractability: false, timeouts: {implicit: 0, pageLoad: 300000, script: 30000}, unhandledPromptBehavior: dismiss and notify, webauthn:extension:credBlob: true, webauthn:extension:largeBlob: true, webauthn:virtualAuthenticators: true}
Session ID: eddd1fbc183b43258e9a9c960820cd4d
]]></failure>
  </testcase>
</testsuite>