<?xml version="1.0" encoding="UTF-8"?>
<testsuite xmlns:xsi="http://www.w3.org/2001/XMLSchema-instance" xsi:noNamespaceSchemaLocation="https://maven.apache.org/surefire/maven-surefire-plugin/xsd/surefire-test-report-3.0.xsd" version="3.0" name="com.example.Automation.runner.TestRunner" time="11.293" tests="4" errors="0" skipped="0" failures="4">
  <properties>
[...]
</properties>
  <testcase name="runScenario" classname="com.example.Automation.runner.TestRunner" time="9.854">
    <failure message="no such element: Unable to locate element: {&quot;method&quot;:&quot;link text&quot;,&quot;selector&quot;:&quot;Login&quot;}&#10;  (Session info: chrome=110.0.5481.177)&#10;For documentation on this error, please visit: https://selenium.dev/exceptions/#no_such_element&#10;Build info: version: &apos;4.8.0&apos;, revision: &apos;267030adea&apos;&#10;System info: os.name: &apos;Linux&apos;, os.arch: &apos;amd64&apos;, os.version: &apos;5.15.0-1034-azure&apos;, java.version: &apos;11.0.18&apos;&#10;Driver info: org.openqa.selenium.chrome.ChromeDriver&#10;Command: [e928232bbb0ffce79f37e05efd9271fd, findElement {using=link text, value=Login}]&#10;Capabilities {acceptInsecureCerts: false, browserName: chrome, browserVersion: 110.0.5481.177, chrome: {chromedriverVersion: 110.0.5481.77 (65ed616c6e8e..., userDataDir: /tmp/.com.google.Chrome.gM5acx}, goog:chromeOptions: {debuggerAddress: localhost:34597}, networkConnectionEnabled: false, pageLoadStrategy: normal, platformName: LINUX, proxy: Proxy(), se:cdp: ws://localhost:34597/devtoo..., se:cdpVersion: 110.0.5481.177, setWindowRect: true, strictFileInteractability: false, timeouts: {implicit: 0, pageLoad: 300000, script: 30000}, unhandledPromptBehavior: dismiss and notify, webauthn:extension:credBlob: true, webauthn:extension:largeBlob: true, webauthn:virtualAuthenticators: true}&#10;Session ID: e928232bbb0ffce79f37e05efd9271fd" type="org.openqa.selenium.NoSuchElementException"><![CDATA[org.openqa.selenium.NoSuchElementException: 
no such element: Unable to locate element: {"method":"link text","selector":"Login"}
  (Session info: chrome=110.0.5481.177)
For documentation on this error, please visit: https://selenium.dev/exceptions/#no_such_element
Build info: version: '4.8.0', revision: '267030adea'
System info: os.name: 'Linux', os.arch: 'amd64', os.version: '5.15.0-1034-azure', java.version: '11.0.18'
Driver info: org.openqa.selenium.chrome.ChromeDriver
Command: [e928232bbb0ffce79f37e05efd9271fd, findElement {using=link text, value=Login}]
Capabilities {acceptInsecureCerts: false, browserName: chrome, browserVersion: 110.0.5481.177, chrome: {chromedriverVersion: 110.0.5481.77 (65ed616c6e8e..., userDataDir: /tmp/.com.google.Chrome.gM5acx}, goog:chromeOptions: {debuggerAddress: localhost:34597}, networkConnectionEnabled: false, pageLoadStrategy: normal, platformName: LINUX, proxy: Proxy(), se:cdp: ws://localhost:34597/devtoo..., se:cdpVersion: 110.0.5481.177, setWindowRect: true, strictFileInteractability: false, timeouts: {implicit: 0, pageLoad: 300000, script: 30000}, unhandledPromptBehavior: dismiss and notify, webauthn:extension:credBlob: true, webauthn:extension:largeBlob: true, webauthn:virtualAuthenticators: true}
Session ID: e928232bbb0ffce79f37e05efd9271fd
]]></failure>
    <system-out><![CDATA[12:59:22.645 [TestNG-PoolService-1] DEBUG org.springframework.test.context.BootstrapUtils - Instantiating CacheAwareContextLoaderDelegate from class [org.springframework.test.context.cache.DefaultCacheAwareContextLoaderDelegate]
12:59:22.653 [TestNG-PoolService-1] DEBUG org.springframework.test.context.BootstrapUtils - Instantiating BootstrapContext using constructor [public org.springframework.test.context.support.DefaultBootstrapContext(java.lang.Class,org.springframework.test.context.CacheAwareContextLoaderDelegate)]
12:59:22.667 [TestNG-PoolService-1] DEBUG org.springframework.test.context.BootstrapUtils - Instantiating TestContextBootstrapper for test class [com.example.Automation.steps.CucumberTestConfigContext] from class [org.springframework.boot.test.context.SpringBootTestContextBootstrapper]
12:59:22.676 [TestNG-PoolService-1] INFO org.springframework.boot.test.context.SpringBootTestContextBootstrapper - Neither @ContextConfiguration nor @ContextHierarchy found for test class [com.example.Automation.steps.CucumberTestConfigContext], using SpringBootContextLoader
12:59:22.680 [TestNG-PoolService-1] DEBUG org.springframework.test.context.support.AbstractContextLoader - Did not detect default resource location for test class [com.example.Automation.steps.CucumberTestConfigContext]: class path resource [com/example/Automation/steps/CucumberTestConfigContext-context.xml] does not exist
12:59:22.681 [TestNG-PoolService-1] DEBUG org.springframework.test.context.support.AbstractContextLoader - Did not detect default resource location for test class [com.example.Automation.steps.CucumberTestConfigContext]: class path resource [com/example/Automation/steps/CucumberTestConfigContextContext.groovy] does not exist
12:59:22.681 [TestNG-PoolService-1] INFO org.springframework.test.context.support.AbstractContextLoader - Could not detect default resource locations for test class [com.example.Automation.steps.CucumberTestConfigContext]: no resource found for suffixes {-context.xml, Context.groovy}.
12:59:22.682 [TestNG-PoolService-1] INFO org.springframework.test.context.support.AnnotationConfigContextLoaderUtils - Could not detect default configuration classes for test class [com.example.Automation.steps.CucumberTestConfigContext]: CucumberTestConfigContext does not declare any static, non-private, non-final, nested classes annotated with @Configuration.
12:59:22.713 [TestNG-PoolService-1] DEBUG org.springframework.test.context.support.ActiveProfilesUtils - Could not find an 'annotation declaring class' for annotation type [org.springframework.test.context.ActiveProfiles] and class [com.example.Automation.steps.CucumberTestConfigContext]
12:59:22.802 [TestNG-PoolService-1] DEBUG org.springframework.context.annotation.ClassPathScanningCandidateComponentProvider - Identified candidate component class: file [/home/runner/work/cucumber-springboot/cucumber-springboot/target/classes/com/example/Automation/AutomationApplication.class]
12:59:22.804 [TestNG-PoolService-1] INFO org.springframework.boot.test.context.SpringBootTestContextBootstrapper - Found @SpringBootConfiguration com.example.Automation.AutomationApplication for test class com.example.Automation.steps.CucumberTestConfigContext
12:59:22.894 [TestNG-PoolService-1] DEBUG org.springframework.boot.test.context.SpringBootTestContextBootstrapper - @TestExecutionListeners is not present for class [com.example.Automation.steps.CucumberTestConfigContext]: using defaults.
12:59:22.896 [TestNG-PoolService-1] INFO org.springframework.boot.test.context.SpringBootTestContextBootstrapper - Loaded default TestExecutionListener class names from location [META-INF/spring.factories]: [org.springframework.boot.test.mock.mockito.MockitoTestExecutionListener, org.springframework.boot.test.mock.mockito.ResetMocksTestExecutionListener, org.springframework.boot.test.autoconfigure.restdocs.RestDocsTestExecutionListener, org.springframework.boot.test.autoconfigure.web.client.MockRestServiceServerResetTestExecutionListener, org.springframework.boot.test.autoconfigure.web.servlet.MockMvcPrintOnlyOnFailureTestExecutionListener, org.springframework.boot.test.autoconfigure.web.servlet.WebDriverTestExecutionListener, org.springframework.boot.test.autoconfigure.webservices.client.MockWebServiceServerTestExecutionListener, org.springframework.test.context.web.ServletTestExecutionListener, org.springframework.test.context.support.DirtiesContextBeforeModesTestExecutionListener, org.springframework.test.context.event.ApplicationEventsTestExecutionListener, org.springframework.test.context.support.DependencyInjectionTestExecutionListener, org.springframework.test.context.support.DirtiesContextTestExecutionListener, org.springframework.test.context.transaction.TransactionalTestExecutionListener, org.springframework.test.context.jdbc.SqlScriptsTestExecutionListener, org.springframework.test.context.event.EventPublishingTestExecutionListener]
12:59:22.905 [TestNG-PoolService-1] DEBUG org.springframework.boot.test.context.SpringBootTestContextBootstrapper - Skipping candidate TestExecutionListener [org.springframework.test.context.web.ServletTestExecutionListener] due to a missing dependency. Specify custom listener classes or make the default listener classes and their required dependencies available. Offending class: [javax/servlet/ServletContext]
12:59:22.922 [TestNG-PoolService-1] INFO org.springframework.boot.test.context.SpringBootTestContextBootstrapper - Using TestExecutionListeners: [org.springframework.test.context.support.DirtiesContextBeforeModesTestExecutionListener@74fe57e1, org.springframework.test.context.event.ApplicationEventsTestExecutionListener@a3660f9, org.springframework.boot.test.mock.mockito.MockitoTestExecutionListener@4f713ccc, org.springframework.boot.test.autoconfigure.SpringBootDependencyInjectionTestExecutionListener@543cce5b, org.springframework.test.context.support.DirtiesContextTestExecutionListener@527bca62, org.springframework.test.context.transaction.TransactionalTestExecutionListener@6bf3497c, org.springframework.test.context.jdbc.SqlScriptsTestExecutionListener@2d228f92, org.springframework.test.context.event.EventPublishingTestExecutionListener@1f5ed27b, org.springframework.boot.test.mock.mockito.ResetMocksTestExecutionListener@137a2328, org.springframework.boot.test.autoconfigure.restdocs.RestDocsTestExecutionListener@62333092, org.springframework.boot.test.autoconfigure.web.client.MockRestServiceServerResetTestExecutionListener@5b546d59, org.springframework.boot.test.autoconfigure.web.servlet.MockMvcPrintOnlyOnFailureTestExecutionListener@3270b142, org.springframework.boot.test.autoconfigure.web.servlet.WebDriverTestExecutionListener@70d1b747, org.springframework.boot.test.autoconfigure.webservices.client.MockWebServiceServerTestExecutionListener@b1dbe6f]

  .   ____          _            __ _ _
 /\\ / ___'_ __ _ _(_)_ __  __ _ \ \ \ \
( ( )\___ | '_ | '_| | '_ \/ _` | \ \ \ \
 \\/  ___)| |_)| | | | | || (_| |  ) ) ) )
  '  |____| .__|_| |_|_| |_\__, | / / / /
 =========|_|==============|___/=/_/_/_/
 :: Spring Boot ::                (v2.7.5)

2023-03-12 12:59:23.248  INFO 1803 --- [G-PoolService-1] c.e.A.steps.CucumberTestConfigContext    : Starting CucumberTestConfigContext using Java 11.0.18 on fv-az445-193 with PID 1803 (/home/runner/work/cucumber-springboot/cucumber-springboot/target/test-classes started by runner in /home/runner/work/cucumber-springboot/cucumber-springboot)
2023-03-12 12:59:23.250  INFO 1803 --- [G-PoolService-1] c.e.A.steps.CucumberTestConfigContext    : The following 1 profile is active: "prod"
2023-03-12 12:59:23.623  INFO 1803 --- [G-PoolService-1] .s.d.r.c.RepositoryConfigurationDelegate : Bootstrapping Spring Data JPA repositories in DEFAULT mode.
2023-03-12 12:59:23.636  INFO 1803 --- [G-PoolService-1] .s.d.r.c.RepositoryConfigurationDelegate : Finished Spring Data repository scanning in 7 ms. Found 0 JPA repository interfaces.
2023-03-12 12:59:23.999  INFO 1803 --- [G-PoolService-1] com.zaxxer.hikari.HikariDataSource       : HikariPool-1 - Starting...
2023-03-12 12:59:24.221  INFO 1803 --- [G-PoolService-1] com.zaxxer.hikari.HikariDataSource       : HikariPool-1 - Start completed.
2023-03-12 12:59:24.339  INFO 1803 --- [G-PoolService-1] o.hibernate.jpa.internal.util.LogHelper  : HHH000204: Processing PersistenceUnitInfo [name: default]
2023-03-12 12:59:24.385  INFO 1803 --- [G-PoolService-1] org.hibernate.Version                    : HHH000412: Hibernate ORM core version 5.6.12.Final
2023-03-12 12:59:24.520  INFO 1803 --- [G-PoolService-1] o.hibernate.annotations.common.Version   : HCANN000001: Hibernate Commons Annotations {5.1.2.Final}
2023-03-12 12:59:24.628  INFO 1803 --- [G-PoolService-1] org.hibernate.dialect.Dialect            : HHH000400: Using dialect: org.hibernate.dialect.H2Dialect
2023-03-12 12:59:24.841  INFO 1803 --- [G-PoolService-1] o.h.e.t.j.p.i.JtaPlatformInitiator       : HHH000490: Using JtaPlatform implementation: [org.hibernate.engine.transaction.jta.platform.internal.NoJtaPlatform]
2023-03-12 12:59:24.849  INFO 1803 --- [G-PoolService-1] j.LocalContainerEntityManagerFactoryBean : Initialized JPA EntityManagerFactory for persistence unit 'default'
2023-03-12 12:59:25.080  INFO 1803 --- [G-PoolService-1] c.e.A.steps.CucumberTestConfigContext    : Started CucumberTestConfigContext in 2.138 seconds (JVM running for 3.69)
2023-03-12 12:59:25.085  INFO 1803 --- [G-PoolService-0] .b.t.c.SpringBootTestContextBootstrapper : Neither @ContextConfiguration nor @ContextHierarchy found for test class [com.example.Automation.steps.CucumberTestConfigContext], using SpringBootContextLoader
2023-03-12 12:59:25.087  INFO 1803 --- [G-PoolService-0] o.s.t.c.support.AbstractContextLoader    : Could not detect default resource locations for test class [com.example.Automation.steps.CucumberTestConfigContext]: no resource found for suffixes {-context.xml, Context.groovy}.
2023-03-12 12:59:25.087  INFO 1803 --- [G-PoolService-0] t.c.s.AnnotationConfigContextLoaderUtils : Could not detect default configuration classes for test class [com.example.Automation.steps.CucumberTestConfigContext]: CucumberTestConfigContext does not declare any static, non-private, non-final, nested classes annotated with @Configuration.
2023-03-12 12:59:25.090  INFO 1803 --- [G-PoolService-0] .b.t.c.SpringBootTestContextBootstrapper : Found @SpringBootConfiguration com.example.Automation.AutomationApplication for test class com.example.Automation.steps.CucumberTestConfigContext
2023-03-12 12:59:25.095  INFO 1803 --- [G-PoolService-0] .b.t.c.SpringBootTestContextBootstrapper : Loaded default TestExecutionListener class names from location [META-INF/spring.factories]: [org.springframework.boot.test.mock.mockito.MockitoTestExecutionListener, org.springframework.boot.test.mock.mockito.ResetMocksTestExecutionListener, org.springframework.boot.test.autoconfigure.restdocs.RestDocsTestExecutionListener, org.springframework.boot.test.autoconfigure.web.client.MockRestServiceServerResetTestExecutionListener, org.springframework.boot.test.autoconfigure.web.servlet.MockMvcPrintOnlyOnFailureTestExecutionListener, org.springframework.boot.test.autoconfigure.web.servlet.WebDriverTestExecutionListener, org.springframework.boot.test.autoconfigure.webservices.client.MockWebServiceServerTestExecutionListener, org.springframework.test.context.web.ServletTestExecutionListener, org.springframework.test.context.support.DirtiesContextBeforeModesTestExecutionListener, org.springframework.test.context.event.ApplicationEventsTestExecutionListener, org.springframework.test.context.support.DependencyInjectionTestExecutionListener, org.springframework.test.context.support.DirtiesContextTestExecutionListener, org.springframework.test.context.transaction.TransactionalTestExecutionListener, org.springframework.test.context.jdbc.SqlScriptsTestExecutionListener, org.springframework.test.context.event.EventPublishingTestExecutionListener]
2023-03-12 12:59:25.098  INFO 1803 --- [G-PoolService-0] .b.t.c.SpringBootTestContextBootstrapper : Using TestExecutionListeners: [org.springframework.test.context.support.DirtiesContextBeforeModesTestExecutionListener@12b323d9, org.springframework.test.context.event.ApplicationEventsTestExecutionListener@4c2451f, org.springframework.boot.test.mock.mockito.MockitoTestExecutionListener@3f31969c, org.springframework.boot.test.autoconfigure.SpringBootDependencyInjectionTestExecutionListener@4a30586d, org.springframework.test.context.support.DirtiesContextTestExecutionListener@41161719, org.springframework.test.context.transaction.TransactionalTestExecutionListener@57ea5899, org.springframework.test.context.jdbc.SqlScriptsTestExecutionListener@64dcb18e, org.springframework.test.context.event.EventPublishingTestExecutionListener@2ce77e48, org.springframework.boot.test.mock.mockito.ResetMocksTestExecutionListener@5d381a12, org.springframework.boot.test.autoconfigure.restdocs.RestDocsTestExecutionListener@5893bfbc, org.springframework.boot.test.autoconfigure.web.client.MockRestServiceServerResetTestExecutionListener@594225e1, org.springframework.boot.test.autoconfigure.web.servlet.MockMvcPrintOnlyOnFailureTestExecutionListener@4ec015bf, org.springframework.boot.test.autoconfigure.web.servlet.WebDriverTestExecutionListener@53357eff, org.springframework.boot.test.autoconfigure.webservices.client.MockWebServiceServerTestExecutionListener@169e457a]
2023-03-12 12:59:25.105  INFO 1803 --- [G-PoolService-3] .b.t.c.SpringBootTestContextBootstrapper : Neither @ContextConfiguration nor @ContextHierarchy found for test class [com.example.Automation.steps.CucumberTestConfigContext], using SpringBootContextLoader
2023-03-12 12:59:25.105  INFO 1803 --- [G-PoolService-3] o.s.t.c.support.AbstractContextLoader    : Could not detect default resource locations for test class [com.example.Automation.steps.CucumberTestConfigContext]: no resource found for suffixes {-context.xml, Context.groovy}.
2023-03-12 12:59:25.106  INFO 1803 --- [G-PoolService-3] t.c.s.AnnotationConfigContextLoaderUtils : Could not detect default configuration classes for test class [com.example.Automation.steps.CucumberTestConfigContext]: CucumberTestConfigContext does not declare any static, non-private, non-final, nested classes annotated with @Configuration.
2023-03-12 12:59:25.108  INFO 1803 --- [G-PoolService-3] .b.t.c.SpringBootTestContextBootstrapper : Found @SpringBootConfiguration com.example.Automation.AutomationApplication for test class com.example.Automation.steps.CucumberTestConfigContext
2023-03-12 12:59:25.109  INFO 1803 --- [G-PoolService-3] .b.t.c.SpringBootTestContextBootstrapper : Loaded default TestExecutionListener class names from location [META-INF/spring.factories]: [org.springframework.boot.test.mock.mockito.MockitoTestExecutionListener, org.springframework.boot.test.mock.mockito.ResetMocksTestExecutionListener, org.springframework.boot.test.autoconfigure.restdocs.RestDocsTestExecutionListener, org.springframework.boot.test.autoconfigure.web.client.MockRestServiceServerResetTestExecutionListener, org.springframework.boot.test.autoconfigure.web.servlet.MockMvcPrintOnlyOnFailureTestExecutionListener, org.springframework.boot.test.autoconfigure.web.servlet.WebDriverTestExecutionListener, org.springframework.boot.test.autoconfigure.webservices.client.MockWebServiceServerTestExecutionListener, org.springframework.test.context.web.ServletTestExecutionListener, org.springframework.test.context.support.DirtiesContextBeforeModesTestExecutionListener, org.springframework.test.context.event.ApplicationEventsTestExecutionListener, org.springframework.test.context.support.DependencyInjectionTestExecutionListener, org.springframework.test.context.support.DirtiesContextTestExecutionListener, org.springframework.test.context.transaction.TransactionalTestExecutionListener, org.springframework.test.context.jdbc.SqlScriptsTestExecutionListener, org.springframework.test.context.event.EventPublishingTestExecutionListener]
2023-03-12 12:59:25.113  INFO 1803 --- [G-PoolService-3] .b.t.c.SpringBootTestContextBootstrapper : Using TestExecutionListeners: [org.springframework.test.context.support.DirtiesContextBeforeModesTestExecutionListener@576d11d8, org.springframework.test.context.event.ApplicationEventsTestExecutionListener@a642290, org.springframework.boot.test.mock.mockito.MockitoTestExecutionListener@85b7a58, org.springframework.boot.test.autoconfigure.SpringBootDependencyInjectionTestExecutionListener@44d2d781, org.springframework.test.context.support.DirtiesContextTestExecutionListener@7b0efd12, org.springframework.test.context.transaction.TransactionalTestExecutionListener@50553041, org.springframework.test.context.jdbc.SqlScriptsTestExecutionListener@38f19a9, org.springframework.test.context.event.EventPublishingTestExecutionListener@51b3b886, org.springframework.boot.test.mock.mockito.ResetMocksTestExecutionListener@5dd929cf, org.springframework.boot.test.autoconfigure.restdocs.RestDocsTestExecutionListener@2477cd0d, org.springframework.boot.test.autoconfigure.web.client.MockRestServiceServerResetTestExecutionListener@5fceda7b, org.springframework.boot.test.autoconfigure.web.servlet.MockMvcPrintOnlyOnFailureTestExecutionListener@13f53e8c, org.springframework.boot.test.autoconfigure.web.servlet.WebDriverTestExecutionListener@7f6ea6c, org.springframework.boot.test.autoconfigure.webservices.client.MockWebServiceServerTestExecutionListener@1d73503a]
2023-03-12 12:59:25.114  INFO 1803 --- [G-PoolService-2] .b.t.c.SpringBootTestContextBootstrapper : Neither @ContextConfiguration nor @ContextHierarchy found for test class [com.example.Automation.steps.CucumberTestConfigContext], using SpringBootContextLoader
2023-03-12 12:59:25.114  INFO 1803 --- [G-PoolService-2] o.s.t.c.support.AbstractContextLoader    : Could not detect default resource locations for test class [com.example.Automation.steps.CucumberTestConfigContext]: no resource found for suffixes {-context.xml, Context.groovy}.
2023-03-12 12:59:25.115  INFO 1803 --- [G-PoolService-2] t.c.s.AnnotationConfigContextLoaderUtils : Could not detect default configuration classes for test class [com.example.Automation.steps.CucumberTestConfigContext]: CucumberTestConfigContext does not declare any static, non-private, non-final, nested classes annotated with @Configuration.
2023-03-12 12:59:25.116  INFO 1803 --- [G-PoolService-2] .b.t.c.SpringBootTestContextBootstrapper : Found @SpringBootConfiguration com.example.Automation.AutomationApplication for test class com.example.Automation.steps.CucumberTestConfigContext
2023-03-12 12:59:25.117  INFO 1803 --- [G-PoolService-2] .b.t.c.SpringBootTestContextBootstrapper : Loaded default TestExecutionListener class names from location [META-INF/spring.factories]: [org.springframework.boot.test.mock.mockito.MockitoTestExecutionListener, org.springframework.boot.test.mock.mockito.ResetMocksTestExecutionListener, org.springframework.boot.test.autoconfigure.restdocs.RestDocsTestExecutionListener, org.springframework.boot.test.autoconfigure.web.client.MockRestServiceServerResetTestExecutionListener, org.springframework.boot.test.autoconfigure.web.servlet.MockMvcPrintOnlyOnFailureTestExecutionListener, org.springframework.boot.test.autoconfigure.web.servlet.WebDriverTestExecutionListener, org.springframework.boot.test.autoconfigure.webservices.client.MockWebServiceServerTestExecutionListener, org.springframework.test.context.web.ServletTestExecutionListener, org.springframework.test.context.support.DirtiesContextBeforeModesTestExecutionListener, org.springframework.test.context.event.ApplicationEventsTestExecutionListener, org.springframework.test.context.support.DependencyInjectionTestExecutionListener, org.springframework.test.context.support.DirtiesContextTestExecutionListener, org.springframework.test.context.transaction.TransactionalTestExecutionListener, org.springframework.test.context.jdbc.SqlScriptsTestExecutionListener, org.springframework.test.context.event.EventPublishingTestExecutionListener]
2023-03-12 12:59:25.117  INFO 1803 --- [G-PoolService-2] .b.t.c.SpringBootTestContextBootstrapper : Using TestExecutionListeners: [org.springframework.test.context.support.DirtiesContextBeforeModesTestExecutionListener@1ea21f92, org.springframework.test.context.event.ApplicationEventsTestExecutionListener@689319fb, org.springframework.boot.test.mock.mockito.MockitoTestExecutionListener@16140879, org.springframework.boot.test.autoconfigure.SpringBootDependencyInjectionTestExecutionListener@1a087dff, org.springframework.test.context.support.DirtiesContextTestExecutionListener@14d8bfa3, org.springframework.test.context.transaction.TransactionalTestExecutionListener@64f42002, org.springframework.test.context.jdbc.SqlScriptsTestExecutionListener@5215bb25, org.springframework.test.context.event.EventPublishingTestExecutionListener@b2bc31d, org.springframework.boot.test.mock.mockito.ResetMocksTestExecutionListener@5adf407c, org.springframework.boot.test.autoconfigure.restdocs.RestDocsTestExecutionListener@1fee9f15, org.springframework.boot.test.autoconfigure.web.client.MockRestServiceServerResetTestExecutionListener@605dc35e, org.springframework.boot.test.autoconfigure.web.servlet.MockMvcPrintOnlyOnFailureTestExecutionListener@353bd763, org.springframework.boot.test.autoconfigure.web.servlet.WebDriverTestExecutionListener@15c7ad18, org.springframework.boot.test.autoconfigure.webservices.client.MockWebServiceServerTestExecutionListener@7eba8e82]

Scenario: Login with correct username and password 2 &amp#27;[90m# src/test/java/com/example/Automation/features/Login.feature:13&amp#27;[0m

Scenario: Login with correct username and password 2 &amp#27;[90m# src/test/java/com/example/Automation/features/Login2.feature:13&amp#27;[0m

Scenario: Login with correct username and password &amp#27;[90m# src/test/java/com/example/Automation/features/Login.feature:4&amp#27;[0m

Scenario: Login with correct username and password &amp#27;[90m# src/test/java/com/example/Automation/features/Login2.feature:4&amp#27;[0m
2023-03-12 12:59:28.219  WARN 1803 --- [G-PoolService-1] o.o.selenium.devtools.CdpVersionFinder   : Unable to find an exact match for CDP version 110, so returning the closest version found: 109
2023-03-12 12:59:28.223  WARN 1803 --- [G-PoolService-0] o.o.selenium.devtools.CdpVersionFinder   : Unable to find an exact match for CDP version 110, so returning the closest version found: 109
2023-03-12 12:59:28.225  WARN 1803 --- [G-PoolService-2] o.o.selenium.devtools.CdpVersionFinder   : Unable to find an exact match for CDP version 110, so returning the closest version found: 109
2023-03-12 12:59:28.233  WARN 1803 --- [G-PoolService-3] o.o.selenium.devtools.CdpVersionFinder   : Unable to find an exact match for CDP version 110, so returning the closest version found: 109
In Home Page
In Home Page
In Home Page
In Home Page
  &amp#27;[31mGiven &amp#27;[0m&amp#27;[31mI click login in Home Page&amp#27;[0m                 &amp#27;[90m# com.example.Automation.steps.LoginSteps.iClickLoginInHomePage()&amp#27;[0m
      &amp#27;[31morg.openqa.selenium.NoSuchElementException: no such element: Unable to locate element: {"method":"link text","selector":"Login"}
  (Session info: chrome=110.0.5481.177)
For documentation on this error, please visit: https://selenium.dev/exceptions/#no_such_element
Build info: version: '4.8.0', revision: '267030adea'
System info: os.name: 'Linux', os.arch: 'amd64', os.version: '5.15.0-1034-azure', java.version: '11.0.18'
Driver info: org.openqa.selenium.chrome.ChromeDriver
Command: [154bec607b6ec93929d1d1d1327821a6, findElement {using=link text, value=Login}]
Capabilities {acceptInsecureCerts: false, browserName: chrome, browserVersion: 110.0.5481.177, chrome: {chromedriverVersion: 110.0.5481.77 (65ed616c6e8e..., userDataDir: /tmp/.com.google.Chrome.dSzlVV}, goog:chromeOptions: {debuggerAddress: localhost:36503}, networkConnectionEnabled: false, pageLoadStrategy: normal, platformName: LINUX, proxy: Proxy(), se:cdp: ws://localhost:36503/devtoo..., se:cdpVersion: 110.0.5481.177, setWindowRect: true, strictFileInteractability: false, timeouts: {implicit: 0, pageLoad: 300000, script: 30000}, unhandledPromptBehavior: dismiss and notify, webauthn:extension:credBlob: true, webauthn:extension:largeBlob: true, webauthn:virtualAuthenticators: true}
Session ID: 154bec607b6ec93929d1d1d1327821a6
	at java.base/jdk.internal.reflect.NativeConstructorAccessorImpl.newInstance0(Native Method)
	at java.base/jdk.internal.reflect.NativeConstructorAccessorImpl.newInstance(NativeConstructorAccessorImpl.java:62)
	at java.base/jdk.internal.reflect.DelegatingConstructorAccessorImpl.newInstance(DelegatingConstructorAccessorImpl.java:45)
	at java.base/java.lang.reflect.Constructor.newInstance(Constructor.java:490)
	at org.openqa.selenium.remote.codec.w3c.W3CHttpResponseCodec.createException(W3CHttpResponseCodec.java:200)
	at org.openqa.selenium.remote.codec.w3c.W3CHttpResponseCodec.decode(W3CHttpResponseCodec.java:133)
	at org.openqa.selenium.remote.codec.w3c.W3CHttpResponseCodec.decode(W3CHttpResponseCodec.java:53)
	at org.openqa.selenium.remote.HttpCommandExecutor.execute(HttpCommandExecutor.java:184)
	at org.openqa.selenium.remote.service.DriverCommandExecutor.invokeExecute(DriverCommandExecutor.java:167)
	at org.openqa.selenium.remote.service.DriverCommandExecutor.execute(DriverCommandExecutor.java:142)
	at org.openqa.selenium.remote.RemoteWebDriver.execute(RemoteWebDriver.java:543)
	at org.openqa.selenium.remote.ElementLocation$ElementFinder$2.findElement(ElementLocation.java:162)
	at org.openqa.selenium.remote.ElementLocation.findElement(ElementLocation.java:60)
	at org.openqa.selenium.remote.RemoteWebDriver.findElement(RemoteWebDriver.java:352)
	at org.openqa.selenium.remote.RemoteWebDriver.findElement(RemoteWebDriver.java:344)
	at java.base/jdk.internal.reflect.NativeMethodAccessorImpl.invoke0(Native Method)
	at java.base/jdk.internal.reflect.NativeMethodAccessorImpl.invoke(NativeMethodAccessorImpl.java:62)
	at java.base/jdk.internal.reflect.DelegatingMethodAccessorImpl.invoke(DelegatingMethodAccessorImpl.java:43)
	at java.base/java.lang.reflect.Method.invoke(Method.java:566)
	at org.springframework.aop.support.AopUtils.invokeJoinpointUsingReflection(AopUtils.java:344)
	at org.springframework.aop.framework.JdkDynamicAopProxy.invoke(JdkDynamicAopProxy.java:208)
	at com.sun.proxy.$Proxy109.findElement(Unknown Source)
	at org.openqa.selenium.support.pagefactory.DefaultElementLocator.findElement(DefaultElementLocator.java:70)
	at org.openqa.selenium.support.pagefactory.internal.LocatingElementHandler.invoke(LocatingElementHandler.java:39)
	at com.sun.proxy.$Proxy113.click(Unknown Source)
	at com.example.Automation.pages.HomePage.ClickLogin(HomePage.java:30)
	at com.example.Automation.pages.HomePage$$FastClassBySpringCGLIB$$1425a7fe.invoke(<generated>)
	at org.springframework.cglib.proxy.MethodProxy.invoke(MethodProxy.java:218)
	at org.springframework.aop.framework.CglibAopProxy.invokeMethod(CglibAopProxy.java:386)
	at org.springframework.aop.framework.CglibAopProxy.access$000(CglibAopProxy.java:85)
	at org.springframework.aop.framework.CglibAopProxy$DynamicAdvisedInterceptor.intercept(CglibAopProxy.java:704)
	at com.example.Automation.pages.HomePage$$EnhancerBySpringCGLIB$$6a729c6b.ClickLogin(<generated>)
	at com.example.Automation.steps.LoginSteps.iClickLoginInHomePage(LoginSteps.java:21)
	at ✽.I click login in Home Page(file:///home/runner/work/cucumber-springboot/cucumber-springboot/src/test/java/com/example/Automation/features/Login2.feature:5)
&amp#27;[0m
  &amp#27;[31mGiven &amp#27;[0m&amp#27;[31mI click login in Home Page&amp#27;[0m                 &amp#27;[90m# com.example.Automation.steps.LoginSteps.iClickLoginInHomePage()&amp#27;[0m
      &amp#27;[31morg.openqa.selenium.NoSuchElementException: no such element: Unable to locate element: {"method":"link text","selector":"Login"}
  (Session info: chrome=110.0.5481.177)
For documentation on this error, please visit: https://selenium.dev/exceptions/#no_such_element
Build info: version: '4.8.0', revision: '267030adea'
System info: os.name: 'Linux', os.arch: 'amd64', os.version: '5.15.0-1034-azure', java.version: '11.0.18'
Driver info: org.openqa.selenium.chrome.ChromeDriver
Command: [2b6aeeee6e8e890bfc8e988e93edbbd6, findElement {using=link text, value=Login}]
Capabilities {acceptInsecureCerts: false, browserName: chrome, browserVersion: 110.0.5481.177, chrome: {chromedriverVersion: 110.0.5481.77 (65ed616c6e8e..., userDataDir: /tmp/.com.google.Chrome.nEf94A}, goog:chromeOptions: {debuggerAddress: localhost:38499}, networkConnectionEnabled: false, pageLoadStrategy: normal, platformName: LINUX, proxy: Proxy(), se:cdp: ws://localhost:38499/devtoo..., se:cdpVersion: 110.0.5481.177, setWindowRect: true, strictFileInteractability: false, timeouts: {implicit: 0, pageLoad: 300000, script: 30000}, unhandledPromptBehavior: dismiss and notify, webauthn:extension:credBlob: true, webauthn:extension:largeBlob: true, webauthn:virtualAuthenticators: true}
Session ID: 2b6aeeee6e8e890bfc8e988e93edbbd6
	at java.base/jdk.internal.reflect.NativeConstructorAccessorImpl.newInstance0(Native Method)
	at java.base/jdk.internal.reflect.NativeConstructorAccessorImpl.newInstance(NativeConstructorAccessorImpl.java:62)
	at java.base/jdk.internal.reflect.DelegatingConstructorAccessorImpl.newInstance(DelegatingConstructorAccessorImpl.java:45)
	at java.base/java.lang.reflect.Constructor.newInstance(Constructor.java:490)
	at org.openqa.selenium.remote.codec.w3c.W3CHttpResponseCodec.createException(W3CHttpResponseCodec.java:200)
	at org.openqa.selenium.remote.codec.w3c.W3CHttpResponseCodec.decode(W3CHttpResponseCodec.java:133)
	at org.openqa.selenium.remote.codec.w3c.W3CHttpResponseCodec.decode(W3CHttpResponseCodec.java:53)
	at org.openqa.selenium.remote.HttpCommandExecutor.execute(HttpCommandExecutor.java:184)
	at org.openqa.selenium.remote.service.DriverCommandExecutor.invokeExecute(DriverCommandExecutor.java:167)
	at org.openqa.selenium.remote.service.DriverCommandExecutor.execute(DriverCommandExecutor.java:142)
	at org.openqa.selenium.remote.RemoteWebDriver.execute(RemoteWebDriver.java:543)
	at org.openqa.selenium.remote.ElementLocation$ElementFinder$2.findElement(ElementLocation.java:162)
	at org.openqa.selenium.remote.ElementLocation.findElement(ElementLocation.java:60)
	at org.openqa.selenium.remote.RemoteWebDriver.findElement(RemoteWebDriver.java:352)
	at org.openqa.selenium.remote.RemoteWebDriver.findElement(RemoteWebDriver.java:344)
	at java.base/jdk.internal.reflect.NativeMethodAccessorImpl.invoke0(Native Method)
	at java.base/jdk.internal.reflect.NativeMethodAccessorImpl.invoke(NativeMethodAccessorImpl.java:62)
	at java.base/jdk.internal.reflect.DelegatingMethodAccessorImpl.invoke(DelegatingMethodAccessorImpl.java:43)
	at java.base/java.lang.reflect.Method.invoke(Method.java:566)
	at org.springframework.aop.support.AopUtils.invokeJoinpointUsingReflection(AopUtils.java:344)
	at org.springframework.aop.framework.JdkDynamicAopProxy.invoke(JdkDynamicAopProxy.java:208)
	at com.sun.proxy.$Proxy109.findElement(Unknown Source)
	at org.openqa.selenium.support.pagefactory.DefaultElementLocator.findElement(DefaultElementLocator.java:70)
	at org.openqa.selenium.support.pagefactory.internal.LocatingElementHandler.invoke(LocatingElementHandler.java:39)
	at com.sun.proxy.$Proxy113.click(Unknown Source)
	at com.example.Automation.pages.HomePage.ClickLogin(HomePage.java:30)
	at com.example.Automation.pages.HomePage$$FastClassBySpringCGLIB$$1425a7fe.invoke(<generated>)
	at org.springframework.cglib.proxy.MethodProxy.invoke(MethodProxy.java:218)
	at org.springframework.aop.framework.CglibAopProxy.invokeMethod(CglibAopProxy.java:386)
	at org.springframework.aop.framework.CglibAopProxy.access$000(CglibAopProxy.java:85)
	at org.springframework.aop.framework.CglibAopProxy$DynamicAdvisedInterceptor.intercept(CglibAopProxy.java:704)
	at com.example.Automation.pages.HomePage$$EnhancerBySpringCGLIB$$6a729c6b.ClickLogin(<generated>)
	at com.example.Automation.steps.LoginSteps.iClickLoginInHomePage(LoginSteps.java:21)
	at ✽.I click login in Home Page(file:///home/runner/work/cucumber-springboot/cucumber-springboot/src/test/java/com/example/Automation/features/Login.feature:5)
&amp#27;[0m
  &amp#27;[31mGiven &amp#27;[0m&amp#27;[31mI click login in Home Page&amp#27;[0m                   &amp#27;[90m# com.example.Automation.steps.LoginSteps.iClickLoginInHomePage()&amp#27;[0m
      &amp#27;[31morg.openqa.selenium.NoSuchElementException: no such element: Unable to locate element: {"method":"link text","selector":"Login"}
  (Session info: chrome=110.0.5481.177)
For documentation on this error, please visit: https://selenium.dev/exceptions/#no_such_element
Build info: version: '4.8.0', revision: '267030adea'
System info: os.name: 'Linux', os.arch: 'amd64', os.version: '5.15.0-1034-azure', java.version: '11.0.18'
Driver info: org.openqa.selenium.chrome.ChromeDriver
Command: [e928232bbb0ffce79f37e05efd9271fd, findElement {using=link text, value=Login}]
Capabilities {acceptInsecureCerts: false, browserName: chrome, browserVersion: 110.0.5481.177, chrome: {chromedriverVersion: 110.0.5481.77 (65ed616c6e8e..., userDataDir: /tmp/.com.google.Chrome.gM5acx}, goog:chromeOptions: {debuggerAddress: localhost:34597}, networkConnectionEnabled: false, pageLoadStrategy: normal, platformName: LINUX, proxy: Proxy(), se:cdp: ws://localhost:34597/devtoo..., se:cdpVersion: 110.0.5481.177, setWindowRect: true, strictFileInteractability: false, timeouts: {implicit: 0, pageLoad: 300000, script: 30000}, unhandledPromptBehavior: dismiss and notify, webauthn:extension:credBlob: true, webauthn:extension:largeBlob: true, webauthn:virtualAuthenticators: true}
Session ID: e928232bbb0ffce79f37e05efd9271fd
	at java.base/jdk.internal.reflect.NativeConstructorAccessorImpl.newInstance0(Native Method)
	at java.base/jdk.internal.reflect.NativeConstructorAccessorImpl.newInstance(NativeConstructorAccessorImpl.java:62)
	at java.base/jdk.internal.reflect.DelegatingConstructorAccessorImpl.newInstance(DelegatingConstructorAccessorImpl.java:45)
	at java.base/java.lang.reflect.Constructor.newInstance(Constructor.java:490)
	at org.openqa.selenium.remote.codec.w3c.W3CHttpResponseCodec.createException(W3CHttpResponseCodec.java:200)
	at org.openqa.selenium.remote.codec.w3c.W3CHttpResponseCodec.decode(W3CHttpResponseCodec.java:133)
	at org.openqa.selenium.remote.codec.w3c.W3CHttpResponseCodec.decode(W3CHttpResponseCodec.java:53)
	at org.openqa.selenium.remote.HttpCommandExecutor.execute(HttpCommandExecutor.java:184)
	at org.openqa.selenium.remote.service.DriverCommandExecutor.invokeExecute(DriverCommandExecutor.java:167)
	at org.openqa.selenium.remote.service.DriverCommandExecutor.execute(DriverCommandExecutor.java:142)
	at org.openqa.selenium.remote.RemoteWebDriver.execute(RemoteWebDriver.java:543)
	at org.openqa.selenium.remote.ElementLocation$ElementFinder$2.findElement(ElementLocation.java:162)
	at org.openqa.selenium.remote.ElementLocation.findElement(ElementLocation.java:60)
	at org.openqa.selenium.remote.RemoteWebDriver.findElement(RemoteWebDriver.java:352)
	at org.openqa.selenium.remote.RemoteWebDriver.findElement(RemoteWebDriver.java:344)
	at java.base/jdk.internal.reflect.NativeMethodAccessorImpl.invoke0(Native Method)
	at java.base/jdk.internal.reflect.NativeMethodAccessorImpl.invoke(NativeMethodAccessorImpl.java:62)
	at java.base/jdk.internal.reflect.DelegatingMethodAccessorImpl.invoke(DelegatingMethodAccessorImpl.java:43)
	at java.base/java.lang.reflect.Method.invoke(Method.java:566)
	at org.springframework.aop.support.AopUtils.invokeJoinpointUsingReflection(AopUtils.java:344)
	at org.springframework.aop.framework.JdkDynamicAopProxy.invoke(JdkDynamicAopProxy.java:208)
	at com.sun.proxy.$Proxy109.findElement(Unknown Source)
	at org.openqa.selenium.support.pagefactory.DefaultElementLocator.findElement(DefaultElementLocator.java:70)
	at org.openqa.selenium.support.pagefactory.internal.LocatingElementHandler.invoke(LocatingElementHandler.java:39)
	at com.sun.proxy.$Proxy113.click(Unknown Source)
	at com.example.Automation.pages.HomePage.ClickLogin(HomePage.java:30)
	at com.example.Automation.pages.HomePage$$FastClassBySpringCGLIB$$1425a7fe.invoke(<generated>)
	at org.springframework.cglib.proxy.MethodProxy.invoke(MethodProxy.java:218)
	at org.springframework.aop.framework.CglibAopProxy.invokeMethod(CglibAopProxy.java:386)
	at org.springframework.aop.framework.CglibAopProxy.access$000(CglibAopProxy.java:85)
	at org.springframework.aop.framework.CglibAopProxy$DynamicAdvisedInterceptor.intercept(CglibAopProxy.java:704)
	at com.example.Automation.pages.HomePage$$EnhancerBySpringCGLIB$$6a729c6b.ClickLogin(<generated>)
	at com.example.Automation.steps.LoginSteps.iClickLoginInHomePage(LoginSteps.java:21)
	at ✽.I click login in Home Page(file:///home/runner/work/cucumber-springboot/cucumber-springboot/src/test/java/com/example/Automation/features/Login2.feature:14)
&amp#27;[0m
  &amp#27;[31mGiven &amp#27;[0m&amp#27;[31mI click login in Home Page&amp#27;[0m                   &amp#27;[90m# com.example.Automation.steps.LoginSteps.iClickLoginInHomePage()&amp#27;[0m
      &amp#27;[31morg.openqa.selenium.NoSuchElementException: no such element: Unable to locate element: {"method":"link text","selector":"Login"}
  (Session info: chrome=110.0.5481.177)
For documentation on this error, please visit: https://selenium.dev/exceptions/#no_such_element
Build info: version: '4.8.0', revision: '267030adea'
System info: os.name: 'Linux', os.arch: 'amd64', os.version: '5.15.0-1034-azure', java.version: '11.0.18'
Driver info: org.openqa.selenium.chrome.ChromeDriver
Command: [4a2f4157542aa5b46f9c112a010f243b, findElement {using=link text, value=Login}]
Capabilities {acceptInsecureCerts: false, browserName: chrome, browserVersion: 110.0.5481.177, chrome: {chromedriverVersion: 110.0.5481.77 (65ed616c6e8e..., userDataDir: /tmp/.com.google.Chrome.8BaqOl}, goog:chromeOptions: {debuggerAddress: localhost:33689}, networkConnectionEnabled: false, pageLoadStrategy: normal, platformName: LINUX, proxy: Proxy(), se:cdp: ws://localhost:33689/devtoo..., se:cdpVersion: 110.0.5481.177, setWindowRect: true, strictFileInteractability: false, timeouts: {implicit: 0, pageLoad: 300000, script: 30000}, unhandledPromptBehavior: dismiss and notify, webauthn:extension:credBlob: true, webauthn:extension:largeBlob: true, webauthn:virtualAuthenticators: true}
Session ID: 4a2f4157542aa5b46f9c112a010f243b
	at java.base/jdk.internal.reflect.NativeConstructorAccessorImpl.newInstance0(Native Method)
	at java.base/jdk.internal.reflect.NativeConstructorAccessorImpl.newInstance(NativeConstructorAccessorImpl.java:62)
	at java.base/jdk.internal.reflect.DelegatingConstructorAccessorImpl.newInstance(DelegatingConstructorAccessorImpl.java:45)
	at java.base/java.lang.reflect.Constructor.newInstance(Constructor.java:490)
	at org.openqa.selenium.remote.codec.w3c.W3CHttpResponseCodec.createException(W3CHttpResponseCodec.java:200)
	at org.openqa.selenium.remote.codec.w3c.W3CHttpResponseCodec.decode(W3CHttpResponseCodec.java:133)
	at org.openqa.selenium.remote.codec.w3c.W3CHttpResponseCodec.decode(W3CHttpResponseCodec.java:53)
	at org.openqa.selenium.remote.HttpCommandExecutor.execute(HttpCommandExecutor.java:184)
	at org.openqa.selenium.remote.service.DriverCommandExecutor.invokeExecute(DriverCommandExecutor.java:167)
	at org.openqa.selenium.remote.service.DriverCommandExecutor.execute(DriverCommandExecutor.java:142)
	at org.openqa.selenium.remote.RemoteWebDriver.execute(RemoteWebDriver.java:543)
	at org.openqa.selenium.remote.ElementLocation$ElementFinder$2.findElement(ElementLocation.java:162)
	at org.openqa.selenium.remote.ElementLocation.findElement(ElementLocation.java:60)
	at org.openqa.selenium.remote.RemoteWebDriver.findElement(RemoteWebDriver.java:352)
	at org.openqa.selenium.remote.RemoteWebDriver.findElement(RemoteWebDriver.java:344)
	at java.base/jdk.internal.reflect.NativeMethodAccessorImpl.invoke0(Native Method)
	at java.base/jdk.internal.reflect.NativeMethodAccessorImpl.invoke(NativeMethodAccessorImpl.java:62)
	at java.base/jdk.internal.reflect.DelegatingMethodAccessorImpl.invoke(DelegatingMethodAccessorImpl.java:43)
	at java.base/java.lang.reflect.Method.invoke(Method.java:566)
	at org.springframework.aop.support.AopUtils.invokeJoinpointUsingReflection(AopUtils.java:344)
	at org.springframework.aop.framework.JdkDynamicAopProxy.invoke(JdkDynamicAopProxy.java:208)
	at com.sun.proxy.$Proxy109.findElement(Unknown Source)
	at org.openqa.selenium.support.pagefactory.DefaultElementLocator.findElement(DefaultElementLocator.java:70)
	at org.openqa.selenium.support.pagefactory.internal.LocatingElementHandler.invoke(LocatingElementHandler.java:39)
	at com.sun.proxy.$Proxy113.click(Unknown Source)
	at com.example.Automation.pages.HomePage.ClickLogin(HomePage.java:30)
	at com.example.Automation.pages.HomePage$$FastClassBySpringCGLIB$$1425a7fe.invoke(<generated>)
	at org.springframework.cglib.proxy.MethodProxy.invoke(MethodProxy.java:218)
	at org.springframework.aop.framework.CglibAopProxy.invokeMethod(CglibAopProxy.java:386)
	at org.springframework.aop.framework.CglibAopProxy.access$000(CglibAopProxy.java:85)
	at org.springframework.aop.framework.CglibAopProxy$DynamicAdvisedInterceptor.intercept(CglibAopProxy.java:704)
	at com.example.Automation.pages.HomePage$$EnhancerBySpringCGLIB$$6a729c6b.ClickLogin(<generated>)
	at com.example.Automation.steps.LoginSteps.iClickLoginInHomePage(LoginSteps.java:21)
	at ✽.I click login in Home Page(file:///home/runner/work/cucumber-springboot/cucumber-springboot/src/test/java/com/example/Automation/features/Login.feature:14)
&amp#27;[0m
  &amp#27;[36mAnd &amp#27;[0m&amp#27;[36mI enter the following for Login&amp#27;[0m                &amp#27;[90m# com.example.Automation.steps.LoginSteps.iEnterTheFollowingForLogin(io.cucumber.datatable.DataTable)&amp#27;[0m
    | username | password  |
    | admin    | password2 |
  &amp#27;[36mAnd &amp#27;[0m&amp#27;[36mI click login button&amp#27;[0m                           &amp#27;[90m# com.example.Automation.steps.LoginSteps.iClickLoginButton()&amp#27;[0m
  &amp#27;[36mThen &amp#27;[0m&amp#27;[36mI should see the userform page&amp#27;[0m                &amp#27;[90m# com.example.Automation.steps.LoginSteps.iShouldSeeTheUserformPage()&amp#27;[0m
  &amp#27;[36mAnd &amp#27;[0m&amp#27;[36mI enter the following for Login&amp#27;[0m                &amp#27;[90m# com.example.Automation.steps.LoginSteps.iEnterTheFollowingForLogin(io.cucumber.datatable.DataTable)&amp#27;[0m
    | username | password  |
    | admin    | password2 |
  &amp#27;[36mAnd &amp#27;[0m&amp#27;[36mI click login button&amp#27;[0m                           &amp#27;[90m# com.example.Automation.steps.LoginSteps.iClickLoginButton()&amp#27;[0m
  &amp#27;[36mThen &amp#27;[0m&amp#27;[36mI should see the userform page&amp#27;[0m                &amp#27;[90m# com.example.Automation.steps.LoginSteps.iShouldSeeTheUserformPage()&amp#27;[0m
Login with correct username and password 2
  &amp#27;[36mAnd &amp#27;[0m&amp#27;[36mI enter the following for Login&amp#27;[0m              &amp#27;[90m# com.example.Automation.steps.LoginSteps.iEnterTheFollowingForLogin(io.cucumber.datatable.DataTable)&amp#27;[0m
    | username | password |
    | admin    | password |
  &amp#27;[36mAnd &amp#27;[0m&amp#27;[36mI click login button&amp#27;[0m                         &amp#27;[90m# com.example.Automation.steps.LoginSteps.iClickLoginButton()&amp#27;[0m
  &amp#27;[36mThen &amp#27;[0m&amp#27;[36mI should see the userform page&amp#27;[0m              &amp#27;[90m# com.example.Automation.steps.LoginSteps.iShouldSeeTheUserformPage()&amp#27;[0m
Login with correct username and password
  &amp#27;[36mAnd &amp#27;[0m&amp#27;[36mI enter the following for Login&amp#27;[0m              &amp#27;[90m# com.example.Automation.steps.LoginSteps.iEnterTheFollowingForLogin(io.cucumber.datatable.DataTable)&amp#27;[0m
    | username | password |
    | admin    | password |
  &amp#27;[36mAnd &amp#27;[0m&amp#27;[36mI click login button&amp#27;[0m                         &amp#27;[90m# com.example.Automation.steps.LoginSteps.iClickLoginButton()&amp#27;[0m
  &amp#27;[36mThen &amp#27;[0m&amp#27;[36mI should see the userform page&amp#27;[0m              &amp#27;[90m# com.example.Automation.steps.LoginSteps.iShouldSeeTheUserformPage()&amp#27;[0m
Login with correct username and password 2
Login with correct username and password
]]></system-out>
    <system-err><![CDATA[SSttaarrttiinngg  CChhrroommeeDDrriivevre r1 1101.00..05.458418.17.77 7( 6(56e5de6d1661c66ce68ee8ee3ef3ef0ea0da6d46f4ef8e38739769c60c2002604644d44d24a2fa-fr-erfesfs/branch-headSst/a5r4t8i1n@g{ #C8h3r9o}m)e Dorni vpeorr t1 1202.502.5
4O8n1l.y7 7l o(c6a5le dc6o1n6nce6ctions are allowe/branch-heads/5481@{#839}) on port 9929
Only local connections are allowed.
Please see https://chromedriver.chromium.org/security-considerations for suggestions on keeping ChromeDriver safe.
Starting ChromeDriver 110.0.5481.77 (65ed616c6e8ee3fe0ad64fe83796c020644d42af-refs/branch-heads/5481@{#839}) on port 17593
Only local connections are allowed.
Please see https://chromedriver.chromium.org/security-considerations for suggestions on keeping ChromeDriver safe.
de8ee3fe0ad64fe83796c020644d42af-refs/branch-heads/5481@{#839}) on port 26517
Only local connections are allowed.
Please see https://chromedriv.
Please see https://chromedriver.chromium.org/security-considerations for suggestions on keeping ChromeDriver safe.
er.chromium.org/security-considerations for suggestions on keeping ChromeDriver safe.
ChromeDriver was staCrhrtoemde Dsruicvceers swfausl lsyt.
arted successfully.
ChromeDriver was started successfully.
ChromeDriver was started successfully.
[1678625967.760][WARNING]: virtual void DevToolsClientImpl::AddListener(DevToolsEventListener *) subscribing a listener to the already connected DevToolsClient. Connection notification will not arrive.
[1678625967.784][WARNING]: virtual void DevToolsClientImpl::AddListener(DevToolsEventListener *) subscribing a listener to the already connected DevToolsClient. Connection notification will not arrive.
[1678625967.800][WARNING]: virtual void DevToolsClientImpl::AddListener(DevToolsEventListener *) subscribing a listener to the already connected DevToolsClient. Connection notification will not arrive.
[1678625967.873][WARNING]: virtual void DevToolsClientImpl::AddListener(DevToolsEventListener *) subscribing a listener to the already connected DevToolsClient. Connection notification will not arrive.
]]></system-err>
  </testcase>
  <testcase name="runScenario" classname="com.example.Automation.runner.TestRunner" time="9.864">
    <failure message="no such element: Unable to locate element: {&quot;method&quot;:&quot;link text&quot;,&quot;selector&quot;:&quot;Login&quot;}&#10;  (Session info: chrome=110.0.5481.177)&#10;For documentation on this error, please visit: https://selenium.dev/exceptions/#no_such_element&#10;Build info: version: &apos;4.8.0&apos;, revision: &apos;267030adea&apos;&#10;System info: os.name: &apos;Linux&apos;, os.arch: &apos;amd64&apos;, os.version: &apos;5.15.0-1034-azure&apos;, java.version: &apos;11.0.18&apos;&#10;Driver info: org.openqa.selenium.chrome.ChromeDriver&#10;Command: [154bec607b6ec93929d1d1d1327821a6, findElement {using=link text, value=Login}]&#10;Capabilities {acceptInsecureCerts: false, browserName: chrome, browserVersion: 110.0.5481.177, chrome: {chromedriverVersion: 110.0.5481.77 (65ed616c6e8e..., userDataDir: /tmp/.com.google.Chrome.dSzlVV}, goog:chromeOptions: {debuggerAddress: localhost:36503}, networkConnectionEnabled: false, pageLoadStrategy: normal, platformName: LINUX, proxy: Proxy(), se:cdp: ws://localhost:36503/devtoo..., se:cdpVersion: 110.0.5481.177, setWindowRect: true, strictFileInteractability: false, timeouts: {implicit: 0, pageLoad: 300000, script: 30000}, unhandledPromptBehavior: dismiss and notify, webauthn:extension:credBlob: true, webauthn:extension:largeBlob: true, webauthn:virtualAuthenticators: true}&#10;Session ID: 154bec607b6ec93929d1d1d1327821a6" type="org.openqa.selenium.NoSuchElementException"><![CDATA[org.openqa.selenium.NoSuchElementException: 
no such element: Unable to locate element: {"method":"link text","selector":"Login"}
  (Session info: chrome=110.0.5481.177)
For documentation on this error, please visit: https://selenium.dev/exceptions/#no_such_element
Build info: version: '4.8.0', revision: '267030adea'
System info: os.name: 'Linux', os.arch: 'amd64', os.version: '5.15.0-1034-azure', java.version: '11.0.18'
Driver info: org.openqa.selenium.chrome.ChromeDriver
Command: [154bec607b6ec93929d1d1d1327821a6, findElement {using=link text, value=Login}]
Capabilities {acceptInsecureCerts: false, browserName: chrome, browserVersion: 110.0.5481.177, chrome: {chromedriverVersion: 110.0.5481.77 (65ed616c6e8e..., userDataDir: /tmp/.com.google.Chrome.dSzlVV}, goog:chromeOptions: {debuggerAddress: localhost:36503}, networkConnectionEnabled: false, pageLoadStrategy: normal, platformName: LINUX, proxy: Proxy(), se:cdp: ws://localhost:36503/devtoo..., se:cdpVersion: 110.0.5481.177, setWindowRect: true, strictFileInteractability: false, timeouts: {implicit: 0, pageLoad: 300000, script: 30000}, unhandledPromptBehavior: dismiss and notify, webauthn:extension:credBlob: true, webauthn:extension:largeBlob: true, webauthn:virtualAuthenticators: true}
Session ID: 154bec607b6ec93929d1d1d1327821a6
]]></failure>
  </testcase>
  <testcase name="runScenario" classname="com.example.Automation.runner.TestRunner" time="9.88">
    <failure message="no such element: Unable to locate element: {&quot;method&quot;:&quot;link text&quot;,&quot;selector&quot;:&quot;Login&quot;}&#10;  (Session info: chrome=110.0.5481.177)&#10;For documentation on this error, please visit: https://selenium.dev/exceptions/#no_such_element&#10;Build info: version: &apos;4.8.0&apos;, revision: &apos;267030adea&apos;&#10;System info: os.name: &apos;Linux&apos;, os.arch: &apos;amd64&apos;, os.version: &apos;5.15.0-1034-azure&apos;, java.version: &apos;11.0.18&apos;&#10;Driver info: org.openqa.selenium.chrome.ChromeDriver&#10;Command: [4a2f4157542aa5b46f9c112a010f243b, findElement {using=link text, value=Login}]&#10;Capabilities {acceptInsecureCerts: false, browserName: chrome, browserVersion: 110.0.5481.177, chrome: {chromedriverVersion: 110.0.5481.77 (65ed616c6e8e..., userDataDir: /tmp/.com.google.Chrome.8BaqOl}, goog:chromeOptions: {debuggerAddress: localhost:33689}, networkConnectionEnabled: false, pageLoadStrategy: normal, platformName: LINUX, proxy: Proxy(), se:cdp: ws://localhost:33689/devtoo..., se:cdpVersion: 110.0.5481.177, setWindowRect: true, strictFileInteractability: false, timeouts: {implicit: 0, pageLoad: 300000, script: 30000}, unhandledPromptBehavior: dismiss and notify, webauthn:extension:credBlob: true, webauthn:extension:largeBlob: true, webauthn:virtualAuthenticators: true}&#10;Session ID: 4a2f4157542aa5b46f9c112a010f243b" type="org.openqa.selenium.NoSuchElementException"><![CDATA[org.openqa.selenium.NoSuchElementException: 
no such element: Unable to locate element: {"method":"link text","selector":"Login"}
  (Session info: chrome=110.0.5481.177)
For documentation on this error, please visit: https://selenium.dev/exceptions/#no_such_element
Build info: version: '4.8.0', revision: '267030adea'
System info: os.name: 'Linux', os.arch: 'amd64', os.version: '5.15.0-1034-azure', java.version: '11.0.18'
Driver info: org.openqa.selenium.chrome.ChromeDriver
Command: [4a2f4157542aa5b46f9c112a010f243b, findElement {using=link text, value=Login}]
Capabilities {acceptInsecureCerts: false, browserName: chrome, browserVersion: 110.0.5481.177, chrome: {chromedriverVersion: 110.0.5481.77 (65ed616c6e8e..., userDataDir: /tmp/.com.google.Chrome.8BaqOl}, goog:chromeOptions: {debuggerAddress: localhost:33689}, networkConnectionEnabled: false, pageLoadStrategy: normal, platformName: LINUX, proxy: Proxy(), se:cdp: ws://localhost:33689/devtoo..., se:cdpVersion: 110.0.5481.177, setWindowRect: true, strictFileInteractability: false, timeouts: {implicit: 0, pageLoad: 300000, script: 30000}, unhandledPromptBehavior: dismiss and notify, webauthn:extension:credBlob: true, webauthn:extension:largeBlob: true, webauthn:virtualAuthenticators: true}
Session ID: 4a2f4157542aa5b46f9c112a010f243b
]]></failure>
  </testcase>
  <testcase name="runScenario" classname="com.example.Automation.runner.TestRunner" time="9.88">
    <failure message="no such element: Unable to locate element: {&quot;method&quot;:&quot;link text&quot;,&quot;selector&quot;:&quot;Login&quot;}&#10;  (Session info: chrome=110.0.5481.177)&#10;For documentation on this error, please visit: https://selenium.dev/exceptions/#no_such_element&#10;Build info: version: &apos;4.8.0&apos;, revision: &apos;267030adea&apos;&#10;System info: os.name: &apos;Linux&apos;, os.arch: &apos;amd64&apos;, os.version: &apos;5.15.0-1034-azure&apos;, java.version: &apos;11.0.18&apos;&#10;Driver info: org.openqa.selenium.chrome.ChromeDriver&#10;Command: [2b6aeeee6e8e890bfc8e988e93edbbd6, findElement {using=link text, value=Login}]&#10;Capabilities {acceptInsecureCerts: false, browserName: chrome, browserVersion: 110.0.5481.177, chrome: {chromedriverVersion: 110.0.5481.77 (65ed616c6e8e..., userDataDir: /tmp/.com.google.Chrome.nEf94A}, goog:chromeOptions: {debuggerAddress: localhost:38499}, networkConnectionEnabled: false, pageLoadStrategy: normal, platformName: LINUX, proxy: Proxy(), se:cdp: ws://localhost:38499/devtoo..., se:cdpVersion: 110.0.5481.177, setWindowRect: true, strictFileInteractability: false, timeouts: {implicit: 0, pageLoad: 300000, script: 30000}, unhandledPromptBehavior: dismiss and notify, webauthn:extension:credBlob: true, webauthn:extension:largeBlob: true, webauthn:virtualAuthenticators: true}&#10;Session ID: 2b6aeeee6e8e890bfc8e988e93edbbd6" type="org.openqa.selenium.NoSuchElementException"><![CDATA[org.openqa.selenium.NoSuchElementException: 
no such element: Unable to locate element: {"method":"link text","selector":"Login"}
  (Session info: chrome=110.0.5481.177)
For documentation on this error, please visit: https://selenium.dev/exceptions/#no_such_element
Build info: version: '4.8.0', revision: '267030adea'
System info: os.name: 'Linux', os.arch: 'amd64', os.version: '5.15.0-1034-azure', java.version: '11.0.18'
Driver info: org.openqa.selenium.chrome.ChromeDriver
Command: [2b6aeeee6e8e890bfc8e988e93edbbd6, findElement {using=link text, value=Login}]
Capabilities {acceptInsecureCerts: false, browserName: chrome, browserVersion: 110.0.5481.177, chrome: {chromedriverVersion: 110.0.5481.77 (65ed616c6e8e..., userDataDir: /tmp/.com.google.Chrome.nEf94A}, goog:chromeOptions: {debuggerAddress: localhost:38499}, networkConnectionEnabled: false, pageLoadStrategy: normal, platformName: LINUX, proxy: Proxy(), se:cdp: ws://localhost:38499/devtoo..., se:cdpVersion: 110.0.5481.177, setWindowRect: true, strictFileInteractability: false, timeouts: {implicit: 0, pageLoad: 300000, script: 30000}, unhandledPromptBehavior: dismiss and notify, webauthn:extension:credBlob: true, webauthn:extension:largeBlob: true, webauthn:virtualAuthenticators: true}
Session ID: 2b6aeeee6e8e890bfc8e988e93edbbd6
]]></failure>
  </testcase>
</testsuite>